3422  execve("./cprime", ["./cprime", "500000", "2", "1"], 0x7ffd52ca6100 /* 18 vars */) = 0
3422  brk(NULL)                         = 0x64c7e25f4000
3422  arch_prctl(0x3001 /* ARCH_??? */, 0x7ffc45958b10) = -1 EINVAL (Invalid argument)
3422  mmap(NULL, 8192, PROT_READ|PROT_WRITE, MAP_PRIVATE|MAP_ANONYMOUS, -1, 0) = 0x79a7581e2000
3422  access("/etc/ld.so.preload", R_OK) = -1 ENOENT (No such file or directory)
3422  openat(AT_FDCWD, "/etc/ld.so.cache", O_RDONLY|O_CLOEXEC) = 3
3422  newfstatat(3, "", {st_mode=S_IFREG|0644, st_size=29392, ...}, AT_EMPTY_PATH) = 0
3422  mmap(NULL, 29392, PROT_READ, MAP_PRIVATE, 3, 0) = 0x79a7581da000
3422  close(3)                          = 0
3422  openat(AT_FDCWD, "/lib/x86_64-linux-gnu/libm.so.6", O_RDONLY|O_CLOEXEC) = 3
3422  read(3, "\177ELF\2\1\1\3\0\0\0\0\0\0\0\0\3\0>\0\1\0\0\0\0\0\0\0\0\0\0\0"..., 832) = 832
3422  newfstatat(3, "", {st_mode=S_IFREG|0644, st_size=940560, ...}, AT_EMPTY_PATH) = 0
3422  mmap(NULL, 942344, PROT_READ, MAP_PRIVATE|MAP_DENYWRITE, 3, 0) = 0x79a7580f3000
3422  mmap(0x79a758101000, 507904, PROT_READ|PROT_EXEC, MAP_PRIVATE|MAP_FIXED|MAP_DENYWRITE, 3, 0xe000) = 0x79a758101000
3422  mmap(0x79a75817d000, 372736, PROT_READ, MAP_PRIVATE|MAP_FIXED|MAP_DENYWRITE, 3, 0x8a000) = 0x79a75817d000
3422  mmap(0x79a7581d8000, 8192, PROT_READ|PROT_WRITE, MAP_PRIVATE|MAP_FIXED|MAP_DENYWRITE, 3, 0xe4000) = 0x79a7581d8000
3422  close(3)                          = 0
3422  openat(AT_FDCWD, "/lib/x86_64-linux-gnu/libc.so.6", O_RDONLY|O_CLOEXEC) = 3
3422  read(3, "\177ELF\2\1\1\3\0\0\0\0\0\0\0\0\3\0>\0\1\0\0\0P\237\2\0\0\0\0\0"..., 832) = 832
3422  pread64(3, "\6\0\0\0\4\0\0\0@\0\0\0\0\0\0\0@\0\0\0\0\0\0\0@\0\0\0\0\0\0\0"..., 784, 64) = 784
3422  pread64(3, "\4\0\0\0 \0\0\0\5\0\0\0GNU\0\2\0\0\300\4\0\0\0\3\0\0\0\0\0\0\0"..., 48, 848) = 48
3422  pread64(3, "\4\0\0\0\24\0\0\0\3\0\0\0GNU\0\325\31p\226\367\t\200\30)\261\30\257\33|\366c"..., 68, 896) = 68
3422  newfstatat(3, "", {st_mode=S_IFREG|0755, st_size=2220400, ...}, AT_EMPTY_PATH) = 0
3422  pread64(3, "\6\0\0\0\4\0\0\0@\0\0\0\0\0\0\0@\0\0\0\0\0\0\0@\0\0\0\0\0\0\0"..., 784, 64) = 784
3422  mmap(NULL, 2264656, PROT_READ, MAP_PRIVATE|MAP_DENYWRITE, 3, 0) = 0x79a757eca000
3422  mprotect(0x79a757ef2000, 2023424, PROT_NONE) = 0
3422  mmap(0x79a757ef2000, 1658880, PROT_READ|PROT_EXEC, MAP_PRIVATE|MAP_FIXED|MAP_DENYWRITE, 3, 0x28000) = 0x79a757ef2000
3422  mmap(0x79a758087000, 360448, PROT_READ, MAP_PRIVATE|MAP_FIXED|MAP_DENYWRITE, 3, 0x1bd000) = 0x79a758087000
3422  mmap(0x79a7580e0000, 24576, PROT_READ|PROT_WRITE, MAP_PRIVATE|MAP_FIXED|MAP_DENYWRITE, 3, 0x215000) = 0x79a7580e0000
3422  mmap(0x79a7580e6000, 52816, PROT_READ|PROT_WRITE, MAP_PRIVATE|MAP_FIXED|MAP_ANONYMOUS, -1, 0) = 0x79a7580e6000
3422  close(3)                          = 0
3422  mmap(NULL, 12288, PROT_READ|PROT_WRITE, MAP_PRIVATE|MAP_ANONYMOUS, -1, 0) = 0x79a757ec7000
3422  arch_prctl(ARCH_SET_FS, 0x79a757ec7740) = 0
3422  set_tid_address(0x79a757ec7a10)   = 3422
3422  set_robust_list(0x79a757ec7a20, 24) = 0
3422  rseq(0x79a757ec80e0, 0x20, 0, 0x53053053) = 0
3422  mprotect(0x79a7580e0000, 16384, PROT_READ) = 0
3422  mprotect(0x79a7581d8000, 4096, PROT_READ) = 0
3422  mprotect(0x64c7df276000, 4096, PROT_READ) = 0
3422  mprotect(0x79a75821c000, 8192, PROT_READ) = 0
3422  prlimit64(0, RLIMIT_STACK, NULL, {rlim_cur=8192*1024, rlim_max=RLIM64_INFINITY}) = 0
3422  munmap(0x79a7581da000, 29392)     = 0
3422  getrandom("\xc8\xc8\x8a\x65\x45\xa0\x78\x49", 8, GRND_NONBLOCK) = 8
3422  brk(NULL)                         = 0x64c7e25f4000
3422  brk(0x64c7e2615000)               = 0x64c7e2615000
3422  pipe([3, 4])                      = 0
3422  clone(child_stack=NULL, flags=CLONE_CHILD_CLEARTID|CLONE_CHILD_SETTID|SIGCHLD, child_tidptr=0x79a757ec7a10) = 3423
3422  close(4 <unfinished ...>
3423  set_robust_list(0x79a757ec7a20, 24 <unfinished ...>
3422  <... close resumed>)              = 0
3422  pipe([4, 5])                      = 0
3422  clone(child_stack=NULL, flags=CLONE_CHILD_CLEARTID|CLONE_CHILD_SETTID|SIGCHLD <unfinished ...>
3423  <... set_robust_list resumed>)    = 0
3423  close(3 <unfinished ...>
3422  <... clone resumed>, child_tidptr=0x79a757ec7a10) = 3424
3422  close(5)                          = 0
3422  read(3,  <unfinished ...>
3424  set_robust_list(0x79a757ec7a20, 24 <unfinished ...>
3423  <... close resumed>)              = 0
3424  <... set_robust_list resumed>)    = 0
3424  close(4)                          = 0
3423  write(4, "\34V\0\0", 4 <unfinished ...>
3422  <... read resumed>"\34V\0\0", 8)  = 4
3423  <... write resumed>)              = 4
3423  close(4)                          = 0
3422  close(3 <unfinished ...>
3423  exit_group(0)                     = ?
3422  <... close resumed>)              = 0
3423  +++ exited with 0 +++
3422  --- SIGCHLD {si_signo=SIGCHLD, si_code=CLD_EXITED, si_pid=3423, si_uid=1000, si_status=0, si_utime=6, si_stime=0} ---
3422  wait4(-1, NULL, 0, NULL)          = 3423
3422  read(4,  <unfinished ...>
3424  write(5, "&L\0\0", 4 <unfinished ...>
3422  <... read resumed>"&L\0\0", 8)    = 4
3424  <... write resumed>)              = 4
3422  close(4 <unfinished ...>
3424  close(5)                          = 0
3422  <... close resumed>)              = 0
3424  exit_group(0)                     = ?
3422  wait4(-1,  <unfinished ...>
3424  +++ exited with 0 +++
3422  <... wait4 resumed>NULL, 0, NULL) = 3424
3422  --- SIGCHLD {si_signo=SIGCHLD, si_code=CLD_EXITED, si_pid=3424, si_uid=1000, si_status=0, si_utime=10, si_stime=0} ---
3422  newfstatat(1, "", {st_mode=S_IFREG|0664, st_size=0, ...}, AT_EMPTY_PATH) = 0
3422  write(1, "Testcase: 1 numP: 2 Expected: 41"..., 91) = 91
3422  exit_group(0)                     = ?
3422  +++ exited with 0 +++
