3437  execve("./cprime", ["./cprime", "500000", "4", "2"], 0x7ffd5e490ad0 /* 18 vars */) = 0
3437  brk(NULL)                         = 0x6068c6a22000
3437  arch_prctl(0x3001 /* ARCH_??? */, 0x7fff1b5cc9f0) = -1 EINVAL (Invalid argument)
3437  mmap(NULL, 8192, PROT_READ|PROT_WRITE, MAP_PRIVATE|MAP_ANONYMOUS, -1, 0) = 0x766eb1d65000
3437  access("/etc/ld.so.preload", R_OK) = -1 ENOENT (No such file or directory)
3437  openat(AT_FDCWD, "/etc/ld.so.cache", O_RDONLY|O_CLOEXEC) = 3
3437  newfstatat(3, "", {st_mode=S_IFREG|0644, st_size=29392, ...}, AT_EMPTY_PATH) = 0
3437  mmap(NULL, 29392, PROT_READ, MAP_PRIVATE, 3, 0) = 0x766eb1d5d000
3437  close(3)                          = 0
3437  openat(AT_FDCWD, "/lib/x86_64-linux-gnu/libm.so.6", O_RDONLY|O_CLOEXEC) = 3
3437  read(3, "\177ELF\2\1\1\3\0\0\0\0\0\0\0\0\3\0>\0\1\0\0\0\0\0\0\0\0\0\0\0"..., 832) = 832
3437  newfstatat(3, "", {st_mode=S_IFREG|0644, st_size=940560, ...}, AT_EMPTY_PATH) = 0
3437  mmap(NULL, 942344, PROT_READ, MAP_PRIVATE|MAP_DENYWRITE, 3, 0) = 0x766eb1c76000
3437  mmap(0x766eb1c84000, 507904, PROT_READ|PROT_EXEC, MAP_PRIVATE|MAP_FIXED|MAP_DENYWRITE, 3, 0xe000) = 0x766eb1c84000
3437  mmap(0x766eb1d00000, 372736, PROT_READ, MAP_PRIVATE|MAP_FIXED|MAP_DENYWRITE, 3, 0x8a000) = 0x766eb1d00000
3437  mmap(0x766eb1d5b000, 8192, PROT_READ|PROT_WRITE, MAP_PRIVATE|MAP_FIXED|MAP_DENYWRITE, 3, 0xe4000) = 0x766eb1d5b000
3437  close(3)                          = 0
3437  openat(AT_FDCWD, "/lib/x86_64-linux-gnu/libc.so.6", O_RDONLY|O_CLOEXEC) = 3
3437  read(3, "\177ELF\2\1\1\3\0\0\0\0\0\0\0\0\3\0>\0\1\0\0\0P\237\2\0\0\0\0\0"..., 832) = 832
3437  pread64(3, "\6\0\0\0\4\0\0\0@\0\0\0\0\0\0\0@\0\0\0\0\0\0\0@\0\0\0\0\0\0\0"..., 784, 64) = 784
3437  pread64(3, "\4\0\0\0 \0\0\0\5\0\0\0GNU\0\2\0\0\300\4\0\0\0\3\0\0\0\0\0\0\0"..., 48, 848) = 48
3437  pread64(3, "\4\0\0\0\24\0\0\0\3\0\0\0GNU\0\325\31p\226\367\t\200\30)\261\30\257\33|\366c"..., 68, 896) = 68
3437  newfstatat(3, "", {st_mode=S_IFREG|0755, st_size=2220400, ...}, AT_EMPTY_PATH) = 0
3437  pread64(3, "\6\0\0\0\4\0\0\0@\0\0\0\0\0\0\0@\0\0\0\0\0\0\0@\0\0\0\0\0\0\0"..., 784, 64) = 784
3437  mmap(NULL, 2264656, PROT_READ, MAP_PRIVATE|MAP_DENYWRITE, 3, 0) = 0x766eb1a4d000
3437  mprotect(0x766eb1a75000, 2023424, PROT_NONE) = 0
3437  mmap(0x766eb1a75000, 1658880, PROT_READ|PROT_EXEC, MAP_PRIVATE|MAP_FIXED|MAP_DENYWRITE, 3, 0x28000) = 0x766eb1a75000
3437  mmap(0x766eb1c0a000, 360448, PROT_READ, MAP_PRIVATE|MAP_FIXED|MAP_DENYWRITE, 3, 0x1bd000) = 0x766eb1c0a000
3437  mmap(0x766eb1c63000, 24576, PROT_READ|PROT_WRITE, MAP_PRIVATE|MAP_FIXED|MAP_DENYWRITE, 3, 0x215000) = 0x766eb1c63000
3437  mmap(0x766eb1c69000, 52816, PROT_READ|PROT_WRITE, MAP_PRIVATE|MAP_FIXED|MAP_ANONYMOUS, -1, 0) = 0x766eb1c69000
3437  close(3)                          = 0
3437  mmap(NULL, 12288, PROT_READ|PROT_WRITE, MAP_PRIVATE|MAP_ANONYMOUS, -1, 0) = 0x766eb1a4a000
3437  arch_prctl(ARCH_SET_FS, 0x766eb1a4a740) = 0
3437  set_tid_address(0x766eb1a4aa10)   = 3437
3437  set_robust_list(0x766eb1a4aa20, 24) = 0
3437  rseq(0x766eb1a4b0e0, 0x20, 0, 0x53053053) = 0
3437  mprotect(0x766eb1c63000, 16384, PROT_READ) = 0
3437  mprotect(0x766eb1d5b000, 4096, PROT_READ) = 0
3437  mprotect(0x6068a069f000, 4096, PROT_READ) = 0
3437  mprotect(0x766eb1d9f000, 8192, PROT_READ) = 0
3437  prlimit64(0, RLIMIT_STACK, NULL, {rlim_cur=8192*1024, rlim_max=RLIM64_INFINITY}) = 0
3437  munmap(0x766eb1d5d000, 29392)     = 0
3437  getrandom("\x42\x16\x1e\x20\xf7\x62\xdb\xb6", 8, GRND_NONBLOCK) = 8
3437  brk(NULL)                         = 0x6068c6a22000
3437  brk(0x6068c6a43000)               = 0x6068c6a43000
3437  pipe([3, 4])                      = 0
3437  clone(child_stack=NULL, flags=CLONE_CHILD_CLEARTID|CLONE_CHILD_SETTID|SIGCHLD, child_tidptr=0x766eb1a4aa10) = 3438
3437  close(4)                          = 0
3438  set_robust_list(0x766eb1a4aa20, 24 <unfinished ...>
3437  pipe([4, 5])                      = 0
3438  <... set_robust_list resumed>)    = 0
3437  clone(child_stack=NULL, flags=CLONE_CHILD_CLEARTID|CLONE_CHILD_SETTID|SIGCHLD <unfinished ...>
3438  close(3)                          = 0
3437  <... clone resumed>, child_tidptr=0x766eb1a4aa10) = 3439
3437  close(5)                          = 0
3439  set_robust_list(0x766eb1a4aa20, 24 <unfinished ...>
3437  pipe( <unfinished ...>
3439  <... set_robust_list resumed>)    = 0
3437  <... pipe resumed>[5, 6])         = 0
3437  clone(child_stack=NULL, flags=CLONE_CHILD_CLEARTID|CLONE_CHILD_SETTID|SIGCHLD <unfinished ...>
3439  close(4)                          = 0
3437  <... clone resumed>, child_tidptr=0x766eb1a4aa10) = 3440
3437  close(6)                          = 0
3440  set_robust_list(0x766eb1a4aa20, 24 <unfinished ...>
3437  pipe( <unfinished ...>
3440  <... set_robust_list resumed>)    = 0
3437  <... pipe resumed>[6, 7])         = 0
3437  clone(child_stack=NULL, flags=CLONE_CHILD_CLEARTID|CLONE_CHILD_SETTID|SIGCHLD <unfinished ...>
3440  close(5 <unfinished ...>
3437  <... clone resumed>, child_tidptr=0x766eb1a4aa10) = 3441
3437  close(7)                          = 0
3437  read(3,  <unfinished ...>
3441  set_robust_list(0x766eb1a4aa20, 24 <unfinished ...>
3440  <... close resumed>)              = 0
3441  <... set_robust_list resumed>)    = 0
3441  close(6)                          = 0
3438  write(4, "\326-\0\0", 4 <unfinished ...>
3437  <... read resumed>"\326-\0\0", 8) = 4
3438  <... write resumed>)              = 4
3438  close(4)                          = 0
3437  close(3)                          = 0
3438  exit_group(0)                     = ?
3437  wait4(-1,  <unfinished ...>
3438  +++ exited with 0 +++
3437  <... wait4 resumed>NULL, 0, NULL) = 3438
3437  --- SIGCHLD {si_signo=SIGCHLD, si_code=CLD_EXITED, si_pid=3438, si_uid=1000, si_status=0, si_utime=2, si_stime=0} ---
3437  read(4,  <unfinished ...>
3439  write(5, "F(\0\0", 4 <unfinished ...>
3437  <... read resumed>"F(\0\0", 8)    = 4
3439  <... write resumed>)              = 4
3439  close(5)                          = 0
3437  close(4)                          = 0
3439  exit_group(0)                     = ?
3437  wait4(-1,  <unfinished ...>
3439  +++ exited with 0 +++
3437  <... wait4 resumed>NULL, 0, NULL) = 3439
3437  --- SIGCHLD {si_signo=SIGCHLD, si_code=CLD_EXITED, si_pid=3439, si_uid=1000, si_status=0, si_utime=4, si_stime=0} ---
3437  read(5,  <unfinished ...>
3440  write(6, "\204&\0\0", 4 <unfinished ...>
3437  <... read resumed>"\204&\0\0", 8) = 4
3440  <... write resumed>)              = 4
3440  close(6)                          = 0
3437  close(5)                          = 0
3437  wait4(-1,  <unfinished ...>
3440  exit_group(0)                     = ?
3440  +++ exited with 0 +++
3437  <... wait4 resumed>NULL, 0, NULL) = 3440
3437  --- SIGCHLD {si_signo=SIGCHLD, si_code=CLD_EXITED, si_pid=3440, si_uid=1000, si_status=0, si_utime=5, si_stime=0} ---
3437  read(6,  <unfinished ...>
3441  write(7, "\242%\0\0", 4 <unfinished ...>
3437  <... read resumed>"\242%\0\0", 8) = 4
3441  <... write resumed>)              = 4
3441  close(7 <unfinished ...>
3437  close(6 <unfinished ...>
3441  <... close resumed>)              = 0
3437  <... close resumed>)              = 0
3441  exit_group(0)                     = ?
3437  wait4(-1,  <unfinished ...>
3441  +++ exited with 0 +++
3437  <... wait4 resumed>NULL, 0, NULL) = 3441
3437  --- SIGCHLD {si_signo=SIGCHLD, si_code=CLD_EXITED, si_pid=3441, si_uid=1000, si_status=0, si_utime=5, si_stime=0} ---
3437  newfstatat(1, "", {st_mode=S_IFREG|0664, st_size=91, ...}, AT_EMPTY_PATH) = 0
3437  write(1, "Testcase: 2 numP: 4 Expected: 41"..., 90) = 90
3437  exit_group(0)                     = ?
3437  +++ exited with 0 +++
