3492  execve("./cprime", ["./cprime", "5000000", "8", "5"], 0x7ffc6822a5f0 /* 18 vars */) = 0
3492  brk(NULL)                         = 0x62117a94b000
3492  arch_prctl(0x3001 /* ARCH_??? */, 0x7ffd6af5cdd0) = -1 EINVAL (Invalid argument)
3492  mmap(NULL, 8192, PROT_READ|PROT_WRITE, MAP_PRIVATE|MAP_ANONYMOUS, -1, 0) = 0x76e94b8e3000
3492  access("/etc/ld.so.preload", R_OK) = -1 ENOENT (No such file or directory)
3492  openat(AT_FDCWD, "/etc/ld.so.cache", O_RDONLY|O_CLOEXEC) = 3
3492  newfstatat(3, "", {st_mode=S_IFREG|0644, st_size=29392, ...}, AT_EMPTY_PATH) = 0
3492  mmap(NULL, 29392, PROT_READ, MAP_PRIVATE, 3, 0) = 0x76e94b8db000
3492  close(3)                          = 0
3492  openat(AT_FDCWD, "/lib/x86_64-linux-gnu/libm.so.6", O_RDONLY|O_CLOEXEC) = 3
3492  read(3, "\177ELF\2\1\1\3\0\0\0\0\0\0\0\0\3\0>\0\1\0\0\0\0\0\0\0\0\0\0\0"..., 832) = 832
3492  newfstatat(3, "", {st_mode=S_IFREG|0644, st_size=940560, ...}, AT_EMPTY_PATH) = 0
3492  mmap(NULL, 942344, PROT_READ, MAP_PRIVATE|MAP_DENYWRITE, 3, 0) = 0x76e94b7f4000
3492  mmap(0x76e94b802000, 507904, PROT_READ|PROT_EXEC, MAP_PRIVATE|MAP_FIXED|MAP_DENYWRITE, 3, 0xe000) = 0x76e94b802000
3492  mmap(0x76e94b87e000, 372736, PROT_READ, MAP_PRIVATE|MAP_FIXED|MAP_DENYWRITE, 3, 0x8a000) = 0x76e94b87e000
3492  mmap(0x76e94b8d9000, 8192, PROT_READ|PROT_WRITE, MAP_PRIVATE|MAP_FIXED|MAP_DENYWRITE, 3, 0xe4000) = 0x76e94b8d9000
3492  close(3)                          = 0
3492  openat(AT_FDCWD, "/lib/x86_64-linux-gnu/libc.so.6", O_RDONLY|O_CLOEXEC) = 3
3492  read(3, "\177ELF\2\1\1\3\0\0\0\0\0\0\0\0\3\0>\0\1\0\0\0P\237\2\0\0\0\0\0"..., 832) = 832
3492  pread64(3, "\6\0\0\0\4\0\0\0@\0\0\0\0\0\0\0@\0\0\0\0\0\0\0@\0\0\0\0\0\0\0"..., 784, 64) = 784
3492  pread64(3, "\4\0\0\0 \0\0\0\5\0\0\0GNU\0\2\0\0\300\4\0\0\0\3\0\0\0\0\0\0\0"..., 48, 848) = 48
3492  pread64(3, "\4\0\0\0\24\0\0\0\3\0\0\0GNU\0\325\31p\226\367\t\200\30)\261\30\257\33|\366c"..., 68, 896) = 68
3492  newfstatat(3, "", {st_mode=S_IFREG|0755, st_size=2220400, ...}, AT_EMPTY_PATH) = 0
3492  pread64(3, "\6\0\0\0\4\0\0\0@\0\0\0\0\0\0\0@\0\0\0\0\0\0\0@\0\0\0\0\0\0\0"..., 784, 64) = 784
3492  mmap(NULL, 2264656, PROT_READ, MAP_PRIVATE|MAP_DENYWRITE, 3, 0) = 0x76e94b5cb000
3492  mprotect(0x76e94b5f3000, 2023424, PROT_NONE) = 0
3492  mmap(0x76e94b5f3000, 1658880, PROT_READ|PROT_EXEC, MAP_PRIVATE|MAP_FIXED|MAP_DENYWRITE, 3, 0x28000) = 0x76e94b5f3000
3492  mmap(0x76e94b788000, 360448, PROT_READ, MAP_PRIVATE|MAP_FIXED|MAP_DENYWRITE, 3, 0x1bd000) = 0x76e94b788000
3492  mmap(0x76e94b7e1000, 24576, PROT_READ|PROT_WRITE, MAP_PRIVATE|MAP_FIXED|MAP_DENYWRITE, 3, 0x215000) = 0x76e94b7e1000
3492  mmap(0x76e94b7e7000, 52816, PROT_READ|PROT_WRITE, MAP_PRIVATE|MAP_FIXED|MAP_ANONYMOUS, -1, 0) = 0x76e94b7e7000
3492  close(3)                          = 0
3492  mmap(NULL, 12288, PROT_READ|PROT_WRITE, MAP_PRIVATE|MAP_ANONYMOUS, -1, 0) = 0x76e94b5c8000
3492  arch_prctl(ARCH_SET_FS, 0x76e94b5c8740) = 0
3492  set_tid_address(0x76e94b5c8a10)   = 3492
3492  set_robust_list(0x76e94b5c8a20, 24) = 0
3492  rseq(0x76e94b5c90e0, 0x20, 0, 0x53053053) = 0
3492  mprotect(0x76e94b7e1000, 16384, PROT_READ) = 0
3492  mprotect(0x76e94b8d9000, 4096, PROT_READ) = 0
3492  mprotect(0x62114a3d4000, 4096, PROT_READ) = 0
3492  mprotect(0x76e94b91d000, 8192, PROT_READ) = 0
3492  prlimit64(0, RLIMIT_STACK, NULL, {rlim_cur=8192*1024, rlim_max=RLIM64_INFINITY}) = 0
3492  munmap(0x76e94b8db000, 29392)     = 0
3492  getrandom("\x2d\xcd\xf3\x98\x8f\x0e\x01\x61", 8, GRND_NONBLOCK) = 8
3492  brk(NULL)                         = 0x62117a94b000
3492  brk(0x62117a96c000)               = 0x62117a96c000
3492  pipe([3, 4])                      = 0
3492  clone(child_stack=NULL, flags=CLONE_CHILD_CLEARTID|CLONE_CHILD_SETTID|SIGCHLD, child_tidptr=0x76e94b5c8a10) = 3493
3492  close(4)                          = 0
3493  set_robust_list(0x76e94b5c8a20, 24 <unfinished ...>
3492  pipe( <unfinished ...>
3493  <... set_robust_list resumed>)    = 0
3492  <... pipe resumed>[4, 5])         = 0
3492  clone(child_stack=NULL, flags=CLONE_CHILD_CLEARTID|CLONE_CHILD_SETTID|SIGCHLD <unfinished ...>
3493  close(3)                          = 0
3492  <... clone resumed>, child_tidptr=0x76e94b5c8a10) = 3494
3492  close(5)                          = 0
3492  pipe([5, 6])                      = 0
3492  clone(child_stack=NULL, flags=CLONE_CHILD_CLEARTID|CLONE_CHILD_SETTID|SIGCHLD <unfinished ...>
3494  set_robust_list(0x76e94b5c8a20, 24) = 0
3492  <... clone resumed>, child_tidptr=0x76e94b5c8a10) = 3495
3494  close(4 <unfinished ...>
3492  close(6)                          = 0
3492  pipe([6, 7])                      = 0
3492  clone(child_stack=NULL, flags=CLONE_CHILD_CLEARTID|CLONE_CHILD_SETTID|SIGCHLD <unfinished ...>
3494  <... close resumed>)              = 0
3495  set_robust_list(0x76e94b5c8a20, 24 <unfinished ...>
3492  <... clone resumed>, child_tidptr=0x76e94b5c8a10) = 3496
3492  close(7)                          = 0
3492  pipe([7, 8])                      = 0
3496  set_robust_list(0x76e94b5c8a20, 24 <unfinished ...>
3495  <... set_robust_list resumed>)    = 0
3492  clone(child_stack=NULL, flags=CLONE_CHILD_CLEARTID|CLONE_CHILD_SETTID|SIGCHLD <unfinished ...>
3496  <... set_robust_list resumed>)    = 0
3495  close(5)                          = 0
3492  <... clone resumed>, child_tidptr=0x76e94b5c8a10) = 3497
3497  set_robust_list(0x76e94b5c8a20, 24) = 0
3492  close(8 <unfinished ...>
3496  close(6 <unfinished ...>
3492  <... close resumed>)              = 0
3497  close(7 <unfinished ...>
3492  pipe( <unfinished ...>
3497  <... close resumed>)              = 0
3492  <... pipe resumed>[8, 9])         = 0
3492  clone(child_stack=NULL, flags=CLONE_CHILD_CLEARTID|CLONE_CHILD_SETTID|SIGCHLD <unfinished ...>
3496  <... close resumed>)              = 0
3492  <... clone resumed>, child_tidptr=0x76e94b5c8a10) = 3498
3498  set_robust_list(0x76e94b5c8a20, 24 <unfinished ...>
3492  close(9 <unfinished ...>
3498  <... set_robust_list resumed>)    = 0
3492  <... close resumed>)              = 0
3492  pipe( <unfinished ...>
3498  close(8 <unfinished ...>
3492  <... pipe resumed>[9, 10])        = 0
3498  <... close resumed>)              = 0
3492  clone(child_stack=NULL, flags=CLONE_CHILD_CLEARTID|CLONE_CHILD_SETTID|SIGCHLD, child_tidptr=0x76e94b5c8a10) = 3499
3492  close(10 <unfinished ...>
3499  set_robust_list(0x76e94b5c8a20, 24 <unfinished ...>
3492  <... close resumed>)              = 0
3499  <... set_robust_list resumed>)    = 0
3492  pipe([10, 11])                    = 0
3499  close(9 <unfinished ...>
3492  clone(child_stack=NULL, flags=CLONE_CHILD_CLEARTID|CLONE_CHILD_SETTID|SIGCHLD <unfinished ...>
3499  <... close resumed>)              = 0
3492  <... clone resumed>, child_tidptr=0x76e94b5c8a10) = 3500
3500  set_robust_list(0x76e94b5c8a20, 24 <unfinished ...>
3492  close(11 <unfinished ...>
3500  <... set_robust_list resumed>)    = 0
3492  <... close resumed>)              = 0
3492  read(3,  <unfinished ...>
3500  close(10)                         = 0
3493  write(4, "*\307\0\0", 4)          = 4
3492  <... read resumed>"*\307\0\0", 8) = 4
3493  close(4 <unfinished ...>
3492  close(3 <unfinished ...>
3493  <... close resumed>)              = 0
3492  <... close resumed>)              = 0
3492  wait4(-1,  <unfinished ...>
3493  exit_group(0)                     = ?
3493  +++ exited with 0 +++
3492  <... wait4 resumed>NULL, 0, NULL) = 3493
3492  --- SIGCHLD {si_signo=SIGCHLD, si_code=CLD_EXITED, si_pid=3493, si_uid=1000, si_status=0, si_utime=24, si_stime=0} ---
3492  read(4,  <unfinished ...>
3494  write(5, "\253\261\0\0", 4)       = 4
3492  <... read resumed>"\253\261\0\0", 8) = 4
3494  close(5 <unfinished ...>
3492  close(4 <unfinished ...>
3494  <... close resumed>)              = 0
3492  <... close resumed>)              = 0
3492  wait4(-1,  <unfinished ...>
3494  exit_group(0)                     = ?
3494  +++ exited with 0 +++
3492  <... wait4 resumed>NULL, 0, NULL) = 3494
3492  --- SIGCHLD {si_signo=SIGCHLD, si_code=CLD_EXITED, si_pid=3494, si_uid=1000, si_status=0, si_utime=39, si_stime=0} ---
3492  read(5,  <unfinished ...>
3495  write(6, ".\253\0\0", 4)          = 4
3492  <... read resumed>".\253\0\0", 8) = 4
3495  close(6 <unfinished ...>
3492  close(5 <unfinished ...>
3495  <... close resumed>)              = 0
3492  <... close resumed>)              = 0
3492  wait4(-1,  <unfinished ...>
3495  exit_group(0)                     = ?
3495  +++ exited with 0 +++
3492  <... wait4 resumed>NULL, 0, NULL) = 3495
3492  --- SIGCHLD {si_signo=SIGCHLD, si_code=CLD_EXITED, si_pid=3495, si_uid=1000, si_status=0, si_utime=48, si_stime=0} ---
3492  read(6,  <unfinished ...>
3497  write(8, "w\244\0\0", 4)          = 4
3497  close(8)                          = 0
3497  exit_group(0)                     = ?
3497  +++ exited with 0 +++
3492  <... read resumed>0x7ffd6af5c9f8, 8) = ? ERESTARTSYS (To be restarted if SA_RESTART is set)
3492  --- SIGCHLD {si_signo=SIGCHLD, si_code=CLD_EXITED, si_pid=3497, si_uid=1000, si_status=0, si_utime=61, si_stime=0} ---
3492  read(6,  <unfinished ...>
3496  write(7, "\35\247\0\0", 4)        = 4
3496  close(7)                          = 0
3492  <... read resumed>"\35\247\0\0", 8) = 4
3496  exit_group(0 <unfinished ...>
3492  close(6 <unfinished ...>
3496  <... exit_group resumed>)         = ?
3492  <... close resumed>)              = 0
3492  wait4(-1,  <unfinished ...>
3496  +++ exited with 0 +++
3492  <... wait4 resumed>NULL, 0, NULL) = 3496
3492  --- SIGCHLD {si_signo=SIGCHLD, si_code=CLD_EXITED, si_pid=3496, si_uid=1000, si_status=0, si_utime=67, si_stime=0} ---
3492  read(7, "w\244\0\0", 8)           = 4
3492  close(7)                          = 0
3492  wait4(-1, NULL, 0, NULL)          = 3497
3492  read(8,  <unfinished ...>
3498  write(9, "F\242\0\0", 4)          = 4
3498  close(9)                          = 0
3492  <... read resumed>"F\242\0\0", 8) = 4
3498  exit_group(0)                     = ?
3492  close(8 <unfinished ...>
3498  +++ exited with 0 +++
3492  <... close resumed>)              = 0
3492  --- SIGCHLD {si_signo=SIGCHLD, si_code=CLD_EXITED, si_pid=3498, si_uid=1000, si_status=0, si_utime=82, si_stime=0} ---
3492  wait4(-1, NULL, 0, NULL)          = 3498
3492  read(9,  <unfinished ...>
3499  write(10, "2\240\0\0", 4)         = 4
3492  <... read resumed>"2\240\0\0", 8) = 4
3499  close(10 <unfinished ...>
3492  close(9 <unfinished ...>
3499  <... close resumed>)              = 0
3492  <... close resumed>)              = 0
3492  wait4(-1,  <unfinished ...>
3499  exit_group(0)                     = ?
3499  +++ exited with 0 +++
3492  <... wait4 resumed>NULL, 0, NULL) = 3499
3492  --- SIGCHLD {si_signo=SIGCHLD, si_code=CLD_EXITED, si_pid=3499, si_uid=1000, si_status=0, si_utime=83, si_stime=0} ---
3492  read(10,  <unfinished ...>
3500  write(11, "R\237\0\0", 4)         = 4
3500  close(11)                         = 0
3492  <... read resumed>"R\237\0\0", 8) = 4
3492  close(10 <unfinished ...>
3500  exit_group(0)                     = ?
3492  <... close resumed>)              = 0
3500  +++ exited with 0 +++
3492  --- SIGCHLD {si_signo=SIGCHLD, si_code=CLD_EXITED, si_pid=3500, si_uid=1000, si_status=0, si_utime=91, si_stime=0} ---
3492  wait4(-1, NULL, 0, NULL)          = 3500
3492  newfstatat(1, "", {st_mode=S_IFREG|0664, st_size=366, ...}, AT_EMPTY_PATH) = 0
3492  write(1, "Testcase: 5 numP: 8 Expected: 34"..., 94) = 94
3492  exit_group(0)                     = ?
3492  +++ exited with 0 +++
