3242  execve("./fact", ["./fact", "3"], 0x7ffd81edcfd0 /* 18 vars */) = 0
3242  brk(NULL)                         = 0x5bc513f77000
3242  arch_prctl(0x3001 /* ARCH_??? */, 0x7ffe71904f10) = -1 EINVAL (Invalid argument)
3242  mmap(NULL, 8192, PROT_READ|PROT_WRITE, MAP_PRIVATE|MAP_ANONYMOUS, -1, 0) = 0x7362e755f000
3242  access("/etc/ld.so.preload", R_OK) = -1 ENOENT (No such file or directory)
3242  openat(AT_FDCWD, "/etc/ld.so.cache", O_RDONLY|O_CLOEXEC) = 3
3242  newfstatat(3, "", {st_mode=S_IFREG|0644, st_size=29392, ...}, AT_EMPTY_PATH) = 0
3242  mmap(NULL, 29392, PROT_READ, MAP_PRIVATE, 3, 0) = 0x7362e7557000
3242  close(3)                          = 0
3242  openat(AT_FDCWD, "/lib/x86_64-linux-gnu/libc.so.6", O_RDONLY|O_CLOEXEC) = 3
3242  read(3, "\177ELF\2\1\1\3\0\0\0\0\0\0\0\0\3\0>\0\1\0\0\0P\237\2\0\0\0\0\0"..., 832) = 832
3242  pread64(3, "\6\0\0\0\4\0\0\0@\0\0\0\0\0\0\0@\0\0\0\0\0\0\0@\0\0\0\0\0\0\0"..., 784, 64) = 784
3242  pread64(3, "\4\0\0\0 \0\0\0\5\0\0\0GNU\0\2\0\0\300\4\0\0\0\3\0\0\0\0\0\0\0"..., 48, 848) = 48
3242  pread64(3, "\4\0\0\0\24\0\0\0\3\0\0\0GNU\0\325\31p\226\367\t\200\30)\261\30\257\33|\366c"..., 68, 896) = 68
3242  newfstatat(3, "", {st_mode=S_IFREG|0755, st_size=2220400, ...}, AT_EMPTY_PATH) = 0
3242  pread64(3, "\6\0\0\0\4\0\0\0@\0\0\0\0\0\0\0@\0\0\0\0\0\0\0@\0\0\0\0\0\0\0"..., 784, 64) = 784
3242  mmap(NULL, 2264656, PROT_READ, MAP_PRIVATE|MAP_DENYWRITE, 3, 0) = 0x7362e732e000
3242  mprotect(0x7362e7356000, 2023424, PROT_NONE) = 0
3242  mmap(0x7362e7356000, 1658880, PROT_READ|PROT_EXEC, MAP_PRIVATE|MAP_FIXED|MAP_DENYWRITE, 3, 0x28000) = 0x7362e7356000
3242  mmap(0x7362e74eb000, 360448, PROT_READ, MAP_PRIVATE|MAP_FIXED|MAP_DENYWRITE, 3, 0x1bd000) = 0x7362e74eb000
3242  mmap(0x7362e7544000, 24576, PROT_READ|PROT_WRITE, MAP_PRIVATE|MAP_FIXED|MAP_DENYWRITE, 3, 0x215000) = 0x7362e7544000
3242  mmap(0x7362e754a000, 52816, PROT_READ|PROT_WRITE, MAP_PRIVATE|MAP_FIXED|MAP_ANONYMOUS, -1, 0) = 0x7362e754a000
3242  close(3)                          = 0
3242  mmap(NULL, 12288, PROT_READ|PROT_WRITE, MAP_PRIVATE|MAP_ANONYMOUS, -1, 0) = 0x7362e732b000
3242  arch_prctl(ARCH_SET_FS, 0x7362e732b740) = 0
3242  set_tid_address(0x7362e732ba10)   = 3242
3242  set_robust_list(0x7362e732ba20, 24) = 0
3242  rseq(0x7362e732c0e0, 0x20, 0, 0x53053053) = 0
3242  mprotect(0x7362e7544000, 16384, PROT_READ) = 0
3242  mprotect(0x5bc4e92fb000, 4096, PROT_READ) = 0
3242  mprotect(0x7362e7599000, 8192, PROT_READ) = 0
3242  prlimit64(0, RLIMIT_STACK, NULL, {rlim_cur=8192*1024, rlim_max=RLIM64_INFINITY}) = 0
3242  munmap(0x7362e7557000, 29392)     = 0
3242  execve("./fact", ["fact", "2", "3"], 0x7ffe719050f0 /* 18 vars */) = 0
3242  brk(NULL)                         = 0x5c5a4a986000
3242  arch_prctl(0x3001 /* ARCH_??? */, 0x7fff85b84c80) = -1 EINVAL (Invalid argument)
3242  mmap(NULL, 8192, PROT_READ|PROT_WRITE, MAP_PRIVATE|MAP_ANONYMOUS, -1, 0) = 0x734570950000
3242  access("/etc/ld.so.preload", R_OK) = -1 ENOENT (No such file or directory)
3242  openat(AT_FDCWD, "/etc/ld.so.cache", O_RDONLY|O_CLOEXEC) = 3
3242  newfstatat(3, "", {st_mode=S_IFREG|0644, st_size=29392, ...}, AT_EMPTY_PATH) = 0
3242  mmap(NULL, 29392, PROT_READ, MAP_PRIVATE, 3, 0) = 0x734570948000
3242  close(3)                          = 0
3242  openat(AT_FDCWD, "/lib/x86_64-linux-gnu/libc.so.6", O_RDONLY|O_CLOEXEC) = 3
3242  read(3, "\177ELF\2\1\1\3\0\0\0\0\0\0\0\0\3\0>\0\1\0\0\0P\237\2\0\0\0\0\0"..., 832) = 832
3242  pread64(3, "\6\0\0\0\4\0\0\0@\0\0\0\0\0\0\0@\0\0\0\0\0\0\0@\0\0\0\0\0\0\0"..., 784, 64) = 784
3242  pread64(3, "\4\0\0\0 \0\0\0\5\0\0\0GNU\0\2\0\0\300\4\0\0\0\3\0\0\0\0\0\0\0"..., 48, 848) = 48
3242  pread64(3, "\4\0\0\0\24\0\0\0\3\0\0\0GNU\0\325\31p\226\367\t\200\30)\261\30\257\33|\366c"..., 68, 896) = 68
3242  newfstatat(3, "", {st_mode=S_IFREG|0755, st_size=2220400, ...}, AT_EMPTY_PATH) = 0
3242  pread64(3, "\6\0\0\0\4\0\0\0@\0\0\0\0\0\0\0@\0\0\0\0\0\0\0@\0\0\0\0\0\0\0"..., 784, 64) = 784
3242  mmap(NULL, 2264656, PROT_READ, MAP_PRIVATE|MAP_DENYWRITE, 3, 0) = 0x73457071f000
3242  mprotect(0x734570747000, 2023424, PROT_NONE) = 0
3242  mmap(0x734570747000, 1658880, PROT_READ|PROT_EXEC, MAP_PRIVATE|MAP_FIXED|MAP_DENYWRITE, 3, 0x28000) = 0x734570747000
3242  mmap(0x7345708dc000, 360448, PROT_READ, MAP_PRIVATE|MAP_FIXED|MAP_DENYWRITE, 3, 0x1bd000) = 0x7345708dc000
3242  mmap(0x734570935000, 24576, PROT_READ|PROT_WRITE, MAP_PRIVATE|MAP_FIXED|MAP_DENYWRITE, 3, 0x215000) = 0x734570935000
3242  mmap(0x73457093b000, 52816, PROT_READ|PROT_WRITE, MAP_PRIVATE|MAP_FIXED|MAP_ANONYMOUS, -1, 0) = 0x73457093b000
3242  close(3)                          = 0
3242  mmap(NULL, 12288, PROT_READ|PROT_WRITE, MAP_PRIVATE|MAP_ANONYMOUS, -1, 0) = 0x73457071c000
3242  arch_prctl(ARCH_SET_FS, 0x73457071c740) = 0
3242  set_tid_address(0x73457071ca10)   = 3242
3242  set_robust_list(0x73457071ca20, 24) = 0
3242  rseq(0x73457071d0e0, 0x20, 0, 0x53053053) = 0
3242  mprotect(0x734570935000, 16384, PROT_READ) = 0
3242  mprotect(0x5c5a1dc1b000, 4096, PROT_READ) = 0
3242  mprotect(0x73457098a000, 8192, PROT_READ) = 0
3242  prlimit64(0, RLIMIT_STACK, NULL, {rlim_cur=8192*1024, rlim_max=RLIM64_INFINITY}) = 0
3242  munmap(0x734570948000, 29392)     = 0
3242  execve("./fact", ["fact", "1", "6"], 0x7fff85b84e68 /* 18 vars */) = 0
3242  brk(NULL)                         = 0x63a6f429a000
3242  arch_prctl(0x3001 /* ARCH_??? */, 0x7ffd02c2aba0) = -1 EINVAL (Invalid argument)
3242  mmap(NULL, 8192, PROT_READ|PROT_WRITE, MAP_PRIVATE|MAP_ANONYMOUS, -1, 0) = 0x7801e49c9000
3242  access("/etc/ld.so.preload", R_OK) = -1 ENOENT (No such file or directory)
3242  openat(AT_FDCWD, "/etc/ld.so.cache", O_RDONLY|O_CLOEXEC) = 3
3242  newfstatat(3, "", {st_mode=S_IFREG|0644, st_size=29392, ...}, AT_EMPTY_PATH) = 0
3242  mmap(NULL, 29392, PROT_READ, MAP_PRIVATE, 3, 0) = 0x7801e49c1000
3242  close(3)                          = 0
3242  openat(AT_FDCWD, "/lib/x86_64-linux-gnu/libc.so.6", O_RDONLY|O_CLOEXEC) = 3
3242  read(3, "\177ELF\2\1\1\3\0\0\0\0\0\0\0\0\3\0>\0\1\0\0\0P\237\2\0\0\0\0\0"..., 832) = 832
3242  pread64(3, "\6\0\0\0\4\0\0\0@\0\0\0\0\0\0\0@\0\0\0\0\0\0\0@\0\0\0\0\0\0\0"..., 784, 64) = 784
3242  pread64(3, "\4\0\0\0 \0\0\0\5\0\0\0GNU\0\2\0\0\300\4\0\0\0\3\0\0\0\0\0\0\0"..., 48, 848) = 48
3242  pread64(3, "\4\0\0\0\24\0\0\0\3\0\0\0GNU\0\325\31p\226\367\t\200\30)\261\30\257\33|\366c"..., 68, 896) = 68
3242  newfstatat(3, "", {st_mode=S_IFREG|0755, st_size=2220400, ...}, AT_EMPTY_PATH) = 0
3242  pread64(3, "\6\0\0\0\4\0\0\0@\0\0\0\0\0\0\0@\0\0\0\0\0\0\0@\0\0\0\0\0\0\0"..., 784, 64) = 784
3242  mmap(NULL, 2264656, PROT_READ, MAP_PRIVATE|MAP_DENYWRITE, 3, 0) = 0x7801e4798000
3242  mprotect(0x7801e47c0000, 2023424, PROT_NONE) = 0
3242  mmap(0x7801e47c0000, 1658880, PROT_READ|PROT_EXEC, MAP_PRIVATE|MAP_FIXED|MAP_DENYWRITE, 3, 0x28000) = 0x7801e47c0000
3242  mmap(0x7801e4955000, 360448, PROT_READ, MAP_PRIVATE|MAP_FIXED|MAP_DENYWRITE, 3, 0x1bd000) = 0x7801e4955000
3242  mmap(0x7801e49ae000, 24576, PROT_READ|PROT_WRITE, MAP_PRIVATE|MAP_FIXED|MAP_DENYWRITE, 3, 0x215000) = 0x7801e49ae000
3242  mmap(0x7801e49b4000, 52816, PROT_READ|PROT_WRITE, MAP_PRIVATE|MAP_FIXED|MAP_ANONYMOUS, -1, 0) = 0x7801e49b4000
3242  close(3)                          = 0
3242  mmap(NULL, 12288, PROT_READ|PROT_WRITE, MAP_PRIVATE|MAP_ANONYMOUS, -1, 0) = 0x7801e4795000
3242  arch_prctl(ARCH_SET_FS, 0x7801e4795740) = 0
3242  set_tid_address(0x7801e4795a10)   = 3242
3242  set_robust_list(0x7801e4795a20, 24) = 0
3242  rseq(0x7801e47960e0, 0x20, 0, 0x53053053) = 0
3242  mprotect(0x7801e49ae000, 16384, PROT_READ) = 0
3242  mprotect(0x63a6edc9e000, 4096, PROT_READ) = 0
3242  mprotect(0x7801e4a03000, 8192, PROT_READ) = 0
3242  prlimit64(0, RLIMIT_STACK, NULL, {rlim_cur=8192*1024, rlim_max=RLIM64_INFINITY}) = 0
3242  munmap(0x7801e49c1000, 29392)     = 0
3242  newfstatat(1, "", {st_mode=S_IFIFO|0600, st_size=0, ...}, AT_EMPTY_PATH) = 0
3242  getrandom("\x62\xe7\xe6\x64\xd0\xfc\x52\x6c", 8, GRND_NONBLOCK) = 8
3242  brk(NULL)                         = 0x63a6f429a000
3242  brk(0x63a6f42bb000)               = 0x63a6f42bb000
3242  write(1, "6", 1)                  = 1
3242  exit_group(1)                     = ?
3242  +++ exited with 1 +++
