3263  execve("./fact", ["./fact", "6"], 0x7ffe088172b0 /* 18 vars */) = 0
3263  brk(NULL)                         = 0x590aefa91000
3263  arch_prctl(0x3001 /* ARCH_??? */, 0x7ffdbccf5b80) = -1 EINVAL (Invalid argument)
3263  mmap(NULL, 8192, PROT_READ|PROT_WRITE, MAP_PRIVATE|MAP_ANONYMOUS, -1, 0) = 0x733d6eaeb000
3263  access("/etc/ld.so.preload", R_OK) = -1 ENOENT (No such file or directory)
3263  openat(AT_FDCWD, "/etc/ld.so.cache", O_RDONLY|O_CLOEXEC) = 3
3263  newfstatat(3, "", {st_mode=S_IFREG|0644, st_size=29392, ...}, AT_EMPTY_PATH) = 0
3263  mmap(NULL, 29392, PROT_READ, MAP_PRIVATE, 3, 0) = 0x733d6eae3000
3263  close(3)                          = 0
3263  openat(AT_FDCWD, "/lib/x86_64-linux-gnu/libc.so.6", O_RDONLY|O_CLOEXEC) = 3
3263  read(3, "\177ELF\2\1\1\3\0\0\0\0\0\0\0\0\3\0>\0\1\0\0\0P\237\2\0\0\0\0\0"..., 832) = 832
3263  pread64(3, "\6\0\0\0\4\0\0\0@\0\0\0\0\0\0\0@\0\0\0\0\0\0\0@\0\0\0\0\0\0\0"..., 784, 64) = 784
3263  pread64(3, "\4\0\0\0 \0\0\0\5\0\0\0GNU\0\2\0\0\300\4\0\0\0\3\0\0\0\0\0\0\0"..., 48, 848) = 48
3263  pread64(3, "\4\0\0\0\24\0\0\0\3\0\0\0GNU\0\325\31p\226\367\t\200\30)\261\30\257\33|\366c"..., 68, 896) = 68
3263  newfstatat(3, "", {st_mode=S_IFREG|0755, st_size=2220400, ...}, AT_EMPTY_PATH) = 0
3263  pread64(3, "\6\0\0\0\4\0\0\0@\0\0\0\0\0\0\0@\0\0\0\0\0\0\0@\0\0\0\0\0\0\0"..., 784, 64) = 784
3263  mmap(NULL, 2264656, PROT_READ, MAP_PRIVATE|MAP_DENYWRITE, 3, 0) = 0x733d6e8ba000
3263  mprotect(0x733d6e8e2000, 2023424, PROT_NONE) = 0
3263  mmap(0x733d6e8e2000, 1658880, PROT_READ|PROT_EXEC, MAP_PRIVATE|MAP_FIXED|MAP_DENYWRITE, 3, 0x28000) = 0x733d6e8e2000
3263  mmap(0x733d6ea77000, 360448, PROT_READ, MAP_PRIVATE|MAP_FIXED|MAP_DENYWRITE, 3, 0x1bd000) = 0x733d6ea77000
3263  mmap(0x733d6ead0000, 24576, PROT_READ|PROT_WRITE, MAP_PRIVATE|MAP_FIXED|MAP_DENYWRITE, 3, 0x215000) = 0x733d6ead0000
3263  mmap(0x733d6ead6000, 52816, PROT_READ|PROT_WRITE, MAP_PRIVATE|MAP_FIXED|MAP_ANONYMOUS, -1, 0) = 0x733d6ead6000
3263  close(3)                          = 0
3263  mmap(NULL, 12288, PROT_READ|PROT_WRITE, MAP_PRIVATE|MAP_ANONYMOUS, -1, 0) = 0x733d6e8b7000
3263  arch_prctl(ARCH_SET_FS, 0x733d6e8b7740) = 0
3263  set_tid_address(0x733d6e8b7a10)   = 3263
3263  set_robust_list(0x733d6e8b7a20, 24) = 0
3263  rseq(0x733d6e8b80e0, 0x20, 0, 0x53053053) = 0
3263  mprotect(0x733d6ead0000, 16384, PROT_READ) = 0
3263  mprotect(0x590ab4bce000, 4096, PROT_READ) = 0
3263  mprotect(0x733d6eb25000, 8192, PROT_READ) = 0
3263  prlimit64(0, RLIMIT_STACK, NULL, {rlim_cur=8192*1024, rlim_max=RLIM64_INFINITY}) = 0
3263  munmap(0x733d6eae3000, 29392)     = 0
3263  execve("./fact", ["fact", "5", "6"], 0x7ffdbccf5d60 /* 18 vars */) = 0
3263  brk(NULL)                         = 0x5bdda077e000
3263  arch_prctl(0x3001 /* ARCH_??? */, 0x7fff6a4f2040) = -1 EINVAL (Invalid argument)
3263  mmap(NULL, 8192, PROT_READ|PROT_WRITE, MAP_PRIVATE|MAP_ANONYMOUS, -1, 0) = 0x746ef5f0c000
3263  access("/etc/ld.so.preload", R_OK) = -1 ENOENT (No such file or directory)
3263  openat(AT_FDCWD, "/etc/ld.so.cache", O_RDONLY|O_CLOEXEC) = 3
3263  newfstatat(3, "", {st_mode=S_IFREG|0644, st_size=29392, ...}, AT_EMPTY_PATH) = 0
3263  mmap(NULL, 29392, PROT_READ, MAP_PRIVATE, 3, 0) = 0x746ef5f04000
3263  close(3)                          = 0
3263  openat(AT_FDCWD, "/lib/x86_64-linux-gnu/libc.so.6", O_RDONLY|O_CLOEXEC) = 3
3263  read(3, "\177ELF\2\1\1\3\0\0\0\0\0\0\0\0\3\0>\0\1\0\0\0P\237\2\0\0\0\0\0"..., 832) = 832
3263  pread64(3, "\6\0\0\0\4\0\0\0@\0\0\0\0\0\0\0@\0\0\0\0\0\0\0@\0\0\0\0\0\0\0"..., 784, 64) = 784
3263  pread64(3, "\4\0\0\0 \0\0\0\5\0\0\0GNU\0\2\0\0\300\4\0\0\0\3\0\0\0\0\0\0\0"..., 48, 848) = 48
3263  pread64(3, "\4\0\0\0\24\0\0\0\3\0\0\0GNU\0\325\31p\226\367\t\200\30)\261\30\257\33|\366c"..., 68, 896) = 68
3263  newfstatat(3, "", {st_mode=S_IFREG|0755, st_size=2220400, ...}, AT_EMPTY_PATH) = 0
3263  pread64(3, "\6\0\0\0\4\0\0\0@\0\0\0\0\0\0\0@\0\0\0\0\0\0\0@\0\0\0\0\0\0\0"..., 784, 64) = 784
3263  mmap(NULL, 2264656, PROT_READ, MAP_PRIVATE|MAP_DENYWRITE, 3, 0) = 0x746ef5cdb000
3263  mprotect(0x746ef5d03000, 2023424, PROT_NONE) = 0
3263  mmap(0x746ef5d03000, 1658880, PROT_READ|PROT_EXEC, MAP_PRIVATE|MAP_FIXED|MAP_DENYWRITE, 3, 0x28000) = 0x746ef5d03000
3263  mmap(0x746ef5e98000, 360448, PROT_READ, MAP_PRIVATE|MAP_FIXED|MAP_DENYWRITE, 3, 0x1bd000) = 0x746ef5e98000
3263  mmap(0x746ef5ef1000, 24576, PROT_READ|PROT_WRITE, MAP_PRIVATE|MAP_FIXED|MAP_DENYWRITE, 3, 0x215000) = 0x746ef5ef1000
3263  mmap(0x746ef5ef7000, 52816, PROT_READ|PROT_WRITE, MAP_PRIVATE|MAP_FIXED|MAP_ANONYMOUS, -1, 0) = 0x746ef5ef7000
3263  close(3)                          = 0
3263  mmap(NULL, 12288, PROT_READ|PROT_WRITE, MAP_PRIVATE|MAP_ANONYMOUS, -1, 0) = 0x746ef5cd8000
3263  arch_prctl(ARCH_SET_FS, 0x746ef5cd8740) = 0
3263  set_tid_address(0x746ef5cd8a10)   = 3263
3263  set_robust_list(0x746ef5cd8a20, 24) = 0
3263  rseq(0x746ef5cd90e0, 0x20, 0, 0x53053053) = 0
3263  mprotect(0x746ef5ef1000, 16384, PROT_READ) = 0
3263  mprotect(0x5bdd946c1000, 4096, PROT_READ) = 0
3263  mprotect(0x746ef5f46000, 8192, PROT_READ) = 0
3263  prlimit64(0, RLIMIT_STACK, NULL, {rlim_cur=8192*1024, rlim_max=RLIM64_INFINITY}) = 0
3263  munmap(0x746ef5f04000, 29392)     = 0
3263  execve("./fact", ["fact", "4", "30"], 0x7fff6a4f2228 /* 18 vars */) = 0
3263  brk(NULL)                         = 0x5e4780ec8000
3263  arch_prctl(0x3001 /* ARCH_??? */, 0x7fff47d6f040) = -1 EINVAL (Invalid argument)
3263  mmap(NULL, 8192, PROT_READ|PROT_WRITE, MAP_PRIVATE|MAP_ANONYMOUS, -1, 0) = 0x775a9074e000
3263  access("/etc/ld.so.preload", R_OK) = -1 ENOENT (No such file or directory)
3263  openat(AT_FDCWD, "/etc/ld.so.cache", O_RDONLY|O_CLOEXEC) = 3
3263  newfstatat(3, "", {st_mode=S_IFREG|0644, st_size=29392, ...}, AT_EMPTY_PATH) = 0
3263  mmap(NULL, 29392, PROT_READ, MAP_PRIVATE, 3, 0) = 0x775a90746000
3263  close(3)                          = 0
3263  openat(AT_FDCWD, "/lib/x86_64-linux-gnu/libc.so.6", O_RDONLY|O_CLOEXEC) = 3
3263  read(3, "\177ELF\2\1\1\3\0\0\0\0\0\0\0\0\3\0>\0\1\0\0\0P\237\2\0\0\0\0\0"..., 832) = 832
3263  pread64(3, "\6\0\0\0\4\0\0\0@\0\0\0\0\0\0\0@\0\0\0\0\0\0\0@\0\0\0\0\0\0\0"..., 784, 64) = 784
3263  pread64(3, "\4\0\0\0 \0\0\0\5\0\0\0GNU\0\2\0\0\300\4\0\0\0\3\0\0\0\0\0\0\0"..., 48, 848) = 48
3263  pread64(3, "\4\0\0\0\24\0\0\0\3\0\0\0GNU\0\325\31p\226\367\t\200\30)\261\30\257\33|\366c"..., 68, 896) = 68
3263  newfstatat(3, "", {st_mode=S_IFREG|0755, st_size=2220400, ...}, AT_EMPTY_PATH) = 0
3263  pread64(3, "\6\0\0\0\4\0\0\0@\0\0\0\0\0\0\0@\0\0\0\0\0\0\0@\0\0\0\0\0\0\0"..., 784, 64) = 784
3263  mmap(NULL, 2264656, PROT_READ, MAP_PRIVATE|MAP_DENYWRITE, 3, 0) = 0x775a9051d000
3263  mprotect(0x775a90545000, 2023424, PROT_NONE) = 0
3263  mmap(0x775a90545000, 1658880, PROT_READ|PROT_EXEC, MAP_PRIVATE|MAP_FIXED|MAP_DENYWRITE, 3, 0x28000) = 0x775a90545000
3263  mmap(0x775a906da000, 360448, PROT_READ, MAP_PRIVATE|MAP_FIXED|MAP_DENYWRITE, 3, 0x1bd000) = 0x775a906da000
3263  mmap(0x775a90733000, 24576, PROT_READ|PROT_WRITE, MAP_PRIVATE|MAP_FIXED|MAP_DENYWRITE, 3, 0x215000) = 0x775a90733000
3263  mmap(0x775a90739000, 52816, PROT_READ|PROT_WRITE, MAP_PRIVATE|MAP_FIXED|MAP_ANONYMOUS, -1, 0) = 0x775a90739000
3263  close(3)                          = 0
3263  mmap(NULL, 12288, PROT_READ|PROT_WRITE, MAP_PRIVATE|MAP_ANONYMOUS, -1, 0) = 0x775a9051a000
3263  arch_prctl(ARCH_SET_FS, 0x775a9051a740) = 0
3263  set_tid_address(0x775a9051aa10)   = 3263
3263  set_robust_list(0x775a9051aa20, 24) = 0
3263  rseq(0x775a9051b0e0, 0x20, 0, 0x53053053) = 0
3263  mprotect(0x775a90733000, 16384, PROT_READ) = 0
3263  mprotect(0x5e476cfa8000, 4096, PROT_READ) = 0
3263  mprotect(0x775a90788000, 8192, PROT_READ) = 0
3263  prlimit64(0, RLIMIT_STACK, NULL, {rlim_cur=8192*1024, rlim_max=RLIM64_INFINITY}) = 0
3263  munmap(0x775a90746000, 29392)     = 0
3263  execve("./fact", ["fact", "3", "120"], 0x7fff47d6f228 /* 18 vars */) = 0
3263  brk(NULL)                         = 0x55e5e2c28000
3263  arch_prctl(0x3001 /* ARCH_??? */, 0x7fff5ee19af0) = -1 EINVAL (Invalid argument)
3263  mmap(NULL, 8192, PROT_READ|PROT_WRITE, MAP_PRIVATE|MAP_ANONYMOUS, -1, 0) = 0x7629dc158000
3263  access("/etc/ld.so.preload", R_OK) = -1 ENOENT (No such file or directory)
3263  openat(AT_FDCWD, "/etc/ld.so.cache", O_RDONLY|O_CLOEXEC) = 3
3263  newfstatat(3, "", {st_mode=S_IFREG|0644, st_size=29392, ...}, AT_EMPTY_PATH) = 0
3263  mmap(NULL, 29392, PROT_READ, MAP_PRIVATE, 3, 0) = 0x7629dc150000
3263  close(3)                          = 0
3263  openat(AT_FDCWD, "/lib/x86_64-linux-gnu/libc.so.6", O_RDONLY|O_CLOEXEC) = 3
3263  read(3, "\177ELF\2\1\1\3\0\0\0\0\0\0\0\0\3\0>\0\1\0\0\0P\237\2\0\0\0\0\0"..., 832) = 832
3263  pread64(3, "\6\0\0\0\4\0\0\0@\0\0\0\0\0\0\0@\0\0\0\0\0\0\0@\0\0\0\0\0\0\0"..., 784, 64) = 784
3263  pread64(3, "\4\0\0\0 \0\0\0\5\0\0\0GNU\0\2\0\0\300\4\0\0\0\3\0\0\0\0\0\0\0"..., 48, 848) = 48
3263  pread64(3, "\4\0\0\0\24\0\0\0\3\0\0\0GNU\0\325\31p\226\367\t\200\30)\261\30\257\33|\366c"..., 68, 896) = 68
3263  newfstatat(3, "", {st_mode=S_IFREG|0755, st_size=2220400, ...}, AT_EMPTY_PATH) = 0
3263  pread64(3, "\6\0\0\0\4\0\0\0@\0\0\0\0\0\0\0@\0\0\0\0\0\0\0@\0\0\0\0\0\0\0"..., 784, 64) = 784
3263  mmap(NULL, 2264656, PROT_READ, MAP_PRIVATE|MAP_DENYWRITE, 3, 0) = 0x7629dbf27000
3263  mprotect(0x7629dbf4f000, 2023424, PROT_NONE) = 0
3263  mmap(0x7629dbf4f000, 1658880, PROT_READ|PROT_EXEC, MAP_PRIVATE|MAP_FIXED|MAP_DENYWRITE, 3, 0x28000) = 0x7629dbf4f000
3263  mmap(0x7629dc0e4000, 360448, PROT_READ, MAP_PRIVATE|MAP_FIXED|MAP_DENYWRITE, 3, 0x1bd000) = 0x7629dc0e4000
3263  mmap(0x7629dc13d000, 24576, PROT_READ|PROT_WRITE, MAP_PRIVATE|MAP_FIXED|MAP_DENYWRITE, 3, 0x215000) = 0x7629dc13d000
3263  mmap(0x7629dc143000, 52816, PROT_READ|PROT_WRITE, MAP_PRIVATE|MAP_FIXED|MAP_ANONYMOUS, -1, 0) = 0x7629dc143000
3263  close(3)                          = 0
3263  mmap(NULL, 12288, PROT_READ|PROT_WRITE, MAP_PRIVATE|MAP_ANONYMOUS, -1, 0) = 0x7629dbf24000
3263  arch_prctl(ARCH_SET_FS, 0x7629dbf24740) = 0
3263  set_tid_address(0x7629dbf24a10)   = 3263
3263  set_robust_list(0x7629dbf24a20, 24) = 0
3263  rseq(0x7629dbf250e0, 0x20, 0, 0x53053053) = 0
3263  mprotect(0x7629dc13d000, 16384, PROT_READ) = 0
3263  mprotect(0x55e5dedc9000, 4096, PROT_READ) = 0
3263  mprotect(0x7629dc192000, 8192, PROT_READ) = 0
3263  prlimit64(0, RLIMIT_STACK, NULL, {rlim_cur=8192*1024, rlim_max=RLIM64_INFINITY}) = 0
3263  munmap(0x7629dc150000, 29392)     = 0
3263  execve("./fact", ["fact", "2", "360"], 0x7fff5ee19cd8 /* 18 vars */) = 0
3263  brk(NULL)                         = 0x5de732250000
3263  arch_prctl(0x3001 /* ARCH_??? */, 0x7ffe237250f0) = -1 EINVAL (Invalid argument)
3263  mmap(NULL, 8192, PROT_READ|PROT_WRITE, MAP_PRIVATE|MAP_ANONYMOUS, -1, 0) = 0x7dda4fa08000
3263  access("/etc/ld.so.preload", R_OK) = -1 ENOENT (No such file or directory)
3263  openat(AT_FDCWD, "/etc/ld.so.cache", O_RDONLY|O_CLOEXEC) = 3
3263  newfstatat(3, "", {st_mode=S_IFREG|0644, st_size=29392, ...}, AT_EMPTY_PATH) = 0
3263  mmap(NULL, 29392, PROT_READ, MAP_PRIVATE, 3, 0) = 0x7dda4fa00000
3263  close(3)                          = 0
3263  openat(AT_FDCWD, "/lib/x86_64-linux-gnu/libc.so.6", O_RDONLY|O_CLOEXEC) = 3
3263  read(3, "\177ELF\2\1\1\3\0\0\0\0\0\0\0\0\3\0>\0\1\0\0\0P\237\2\0\0\0\0\0"..., 832) = 832
3263  pread64(3, "\6\0\0\0\4\0\0\0@\0\0\0\0\0\0\0@\0\0\0\0\0\0\0@\0\0\0\0\0\0\0"..., 784, 64) = 784
3263  pread64(3, "\4\0\0\0 \0\0\0\5\0\0\0GNU\0\2\0\0\300\4\0\0\0\3\0\0\0\0\0\0\0"..., 48, 848) = 48
3263  pread64(3, "\4\0\0\0\24\0\0\0\3\0\0\0GNU\0\325\31p\226\367\t\200\30)\261\30\257\33|\366c"..., 68, 896) = 68
3263  newfstatat(3, "", {st_mode=S_IFREG|0755, st_size=2220400, ...}, AT_EMPTY_PATH) = 0
3263  pread64(3, "\6\0\0\0\4\0\0\0@\0\0\0\0\0\0\0@\0\0\0\0\0\0\0@\0\0\0\0\0\0\0"..., 784, 64) = 784
3263  mmap(NULL, 2264656, PROT_READ, MAP_PRIVATE|MAP_DENYWRITE, 3, 0) = 0x7dda4f7d7000
3263  mprotect(0x7dda4f7ff000, 2023424, PROT_NONE) = 0
3263  mmap(0x7dda4f7ff000, 1658880, PROT_READ|PROT_EXEC, MAP_PRIVATE|MAP_FIXED|MAP_DENYWRITE, 3, 0x28000) = 0x7dda4f7ff000
3263  mmap(0x7dda4f994000, 360448, PROT_READ, MAP_PRIVATE|MAP_FIXED|MAP_DENYWRITE, 3, 0x1bd000) = 0x7dda4f994000
3263  mmap(0x7dda4f9ed000, 24576, PROT_READ|PROT_WRITE, MAP_PRIVATE|MAP_FIXED|MAP_DENYWRITE, 3, 0x215000) = 0x7dda4f9ed000
3263  mmap(0x7dda4f9f3000, 52816, PROT_READ|PROT_WRITE, MAP_PRIVATE|MAP_FIXED|MAP_ANONYMOUS, -1, 0) = 0x7dda4f9f3000
3263  close(3)                          = 0
3263  mmap(NULL, 12288, PROT_READ|PROT_WRITE, MAP_PRIVATE|MAP_ANONYMOUS, -1, 0) = 0x7dda4f7d4000
3263  arch_prctl(ARCH_SET_FS, 0x7dda4f7d4740) = 0
3263  set_tid_address(0x7dda4f7d4a10)   = 3263
3263  set_robust_list(0x7dda4f7d4a20, 24) = 0
3263  rseq(0x7dda4f7d50e0, 0x20, 0, 0x53053053) = 0
3263  mprotect(0x7dda4f9ed000, 16384, PROT_READ) = 0
3263  mprotect(0x5de70df86000, 4096, PROT_READ) = 0
3263  mprotect(0x7dda4fa42000, 8192, PROT_READ) = 0
3263  prlimit64(0, RLIMIT_STACK, NULL, {rlim_cur=8192*1024, rlim_max=RLIM64_INFINITY}) = 0
3263  munmap(0x7dda4fa00000, 29392)     = 0
3263  execve("./fact", ["fact", "1", "720"], 0x7ffe237252d8 /* 18 vars */) = 0
3263  brk(NULL)                         = 0x5fecb1889000
3263  arch_prctl(0x3001 /* ARCH_??? */, 0x7fff7dac6020) = -1 EINVAL (Invalid argument)
3263  mmap(NULL, 8192, PROT_READ|PROT_WRITE, MAP_PRIVATE|MAP_ANONYMOUS, -1, 0) = 0x7cef67c01000
3263  access("/etc/ld.so.preload", R_OK) = -1 ENOENT (No such file or directory)
3263  openat(AT_FDCWD, "/etc/ld.so.cache", O_RDONLY|O_CLOEXEC) = 3
3263  newfstatat(3, "", {st_mode=S_IFREG|0644, st_size=29392, ...}, AT_EMPTY_PATH) = 0
3263  mmap(NULL, 29392, PROT_READ, MAP_PRIVATE, 3, 0) = 0x7cef67bf9000
3263  close(3)                          = 0
3263  openat(AT_FDCWD, "/lib/x86_64-linux-gnu/libc.so.6", O_RDONLY|O_CLOEXEC) = 3
3263  read(3, "\177ELF\2\1\1\3\0\0\0\0\0\0\0\0\3\0>\0\1\0\0\0P\237\2\0\0\0\0\0"..., 832) = 832
3263  pread64(3, "\6\0\0\0\4\0\0\0@\0\0\0\0\0\0\0@\0\0\0\0\0\0\0@\0\0\0\0\0\0\0"..., 784, 64) = 784
3263  pread64(3, "\4\0\0\0 \0\0\0\5\0\0\0GNU\0\2\0\0\300\4\0\0\0\3\0\0\0\0\0\0\0"..., 48, 848) = 48
3263  pread64(3, "\4\0\0\0\24\0\0\0\3\0\0\0GNU\0\325\31p\226\367\t\200\30)\261\30\257\33|\366c"..., 68, 896) = 68
3263  newfstatat(3, "", {st_mode=S_IFREG|0755, st_size=2220400, ...}, AT_EMPTY_PATH) = 0
3263  pread64(3, "\6\0\0\0\4\0\0\0@\0\0\0\0\0\0\0@\0\0\0\0\0\0\0@\0\0\0\0\0\0\0"..., 784, 64) = 784
3263  mmap(NULL, 2264656, PROT_READ, MAP_PRIVATE|MAP_DENYWRITE, 3, 0) = 0x7cef679d0000
3263  mprotect(0x7cef679f8000, 2023424, PROT_NONE) = 0
3263  mmap(0x7cef679f8000, 1658880, PROT_READ|PROT_EXEC, MAP_PRIVATE|MAP_FIXED|MAP_DENYWRITE, 3, 0x28000) = 0x7cef679f8000
3263  mmap(0x7cef67b8d000, 360448, PROT_READ, MAP_PRIVATE|MAP_FIXED|MAP_DENYWRITE, 3, 0x1bd000) = 0x7cef67b8d000
3263  mmap(0x7cef67be6000, 24576, PROT_READ|PROT_WRITE, MAP_PRIVATE|MAP_FIXED|MAP_DENYWRITE, 3, 0x215000) = 0x7cef67be6000
3263  mmap(0x7cef67bec000, 52816, PROT_READ|PROT_WRITE, MAP_PRIVATE|MAP_FIXED|MAP_ANONYMOUS, -1, 0) = 0x7cef67bec000
3263  close(3)                          = 0
3263  mmap(NULL, 12288, PROT_READ|PROT_WRITE, MAP_PRIVATE|MAP_ANONYMOUS, -1, 0) = 0x7cef679cd000
3263  arch_prctl(ARCH_SET_FS, 0x7cef679cd740) = 0
3263  set_tid_address(0x7cef679cda10)   = 3263
3263  set_robust_list(0x7cef679cda20, 24) = 0
3263  rseq(0x7cef679ce0e0, 0x20, 0, 0x53053053) = 0
3263  mprotect(0x7cef67be6000, 16384, PROT_READ) = 0
3263  mprotect(0x5fecab27a000, 4096, PROT_READ) = 0
3263  mprotect(0x7cef67c3b000, 8192, PROT_READ) = 0
3263  prlimit64(0, RLIMIT_STACK, NULL, {rlim_cur=8192*1024, rlim_max=RLIM64_INFINITY}) = 0
3263  munmap(0x7cef67bf9000, 29392)     = 0
3263  newfstatat(1, "", {st_mode=S_IFIFO|0600, st_size=0, ...}, AT_EMPTY_PATH) = 0
3263  getrandom("\xff\xe8\xe0\xd7\xd9\xf3\x8d\xc6", 8, GRND_NONBLOCK) = 8
3263  brk(NULL)                         = 0x5fecb1889000
3263  brk(0x5fecb18aa000)               = 0x5fecb18aa000
3263  write(1, "720", 3)                = 3
3263  exit_group(1)                     = ?
3263  +++ exited with 1 +++
