3277  execve("./fact", ["./fact", "8"], 0x7ffd1c6d8c30 /* 18 vars */) = 0
3277  brk(NULL)                         = 0x5a3b0cea6000
3277  arch_prctl(0x3001 /* ARCH_??? */, 0x7ffc77b706d0) = -1 EINVAL (Invalid argument)
3277  mmap(NULL, 8192, PROT_READ|PROT_WRITE, MAP_PRIVATE|MAP_ANONYMOUS, -1, 0) = 0x7a343e377000
3277  access("/etc/ld.so.preload", R_OK) = -1 ENOENT (No such file or directory)
3277  openat(AT_FDCWD, "/etc/ld.so.cache", O_RDONLY|O_CLOEXEC) = 3
3277  newfstatat(3, "", {st_mode=S_IFREG|0644, st_size=29392, ...}, AT_EMPTY_PATH) = 0
3277  mmap(NULL, 29392, PROT_READ, MAP_PRIVATE, 3, 0) = 0x7a343e36f000
3277  close(3)                          = 0
3277  openat(AT_FDCWD, "/lib/x86_64-linux-gnu/libc.so.6", O_RDONLY|O_CLOEXEC) = 3
3277  read(3, "\177ELF\2\1\1\3\0\0\0\0\0\0\0\0\3\0>\0\1\0\0\0P\237\2\0\0\0\0\0"..., 832) = 832
3277  pread64(3, "\6\0\0\0\4\0\0\0@\0\0\0\0\0\0\0@\0\0\0\0\0\0\0@\0\0\0\0\0\0\0"..., 784, 64) = 784
3277  pread64(3, "\4\0\0\0 \0\0\0\5\0\0\0GNU\0\2\0\0\300\4\0\0\0\3\0\0\0\0\0\0\0"..., 48, 848) = 48
3277  pread64(3, "\4\0\0\0\24\0\0\0\3\0\0\0GNU\0\325\31p\226\367\t\200\30)\261\30\257\33|\366c"..., 68, 896) = 68
3277  newfstatat(3, "", {st_mode=S_IFREG|0755, st_size=2220400, ...}, AT_EMPTY_PATH) = 0
3277  pread64(3, "\6\0\0\0\4\0\0\0@\0\0\0\0\0\0\0@\0\0\0\0\0\0\0@\0\0\0\0\0\0\0"..., 784, 64) = 784
3277  mmap(NULL, 2264656, PROT_READ, MAP_PRIVATE|MAP_DENYWRITE, 3, 0) = 0x7a343e146000
3277  mprotect(0x7a343e16e000, 2023424, PROT_NONE) = 0
3277  mmap(0x7a343e16e000, 1658880, PROT_READ|PROT_EXEC, MAP_PRIVATE|MAP_FIXED|MAP_DENYWRITE, 3, 0x28000) = 0x7a343e16e000
3277  mmap(0x7a343e303000, 360448, PROT_READ, MAP_PRIVATE|MAP_FIXED|MAP_DENYWRITE, 3, 0x1bd000) = 0x7a343e303000
3277  mmap(0x7a343e35c000, 24576, PROT_READ|PROT_WRITE, MAP_PRIVATE|MAP_FIXED|MAP_DENYWRITE, 3, 0x215000) = 0x7a343e35c000
3277  mmap(0x7a343e362000, 52816, PROT_READ|PROT_WRITE, MAP_PRIVATE|MAP_FIXED|MAP_ANONYMOUS, -1, 0) = 0x7a343e362000
3277  close(3)                          = 0
3277  mmap(NULL, 12288, PROT_READ|PROT_WRITE, MAP_PRIVATE|MAP_ANONYMOUS, -1, 0) = 0x7a343e143000
3277  arch_prctl(ARCH_SET_FS, 0x7a343e143740) = 0
3277  set_tid_address(0x7a343e143a10)   = 3277
3277  set_robust_list(0x7a343e143a20, 24) = 0
3277  rseq(0x7a343e1440e0, 0x20, 0, 0x53053053) = 0
3277  mprotect(0x7a343e35c000, 16384, PROT_READ) = 0
3277  mprotect(0x5a3af3af0000, 4096, PROT_READ) = 0
3277  mprotect(0x7a343e3b1000, 8192, PROT_READ) = 0
3277  prlimit64(0, RLIMIT_STACK, NULL, {rlim_cur=8192*1024, rlim_max=RLIM64_INFINITY}) = 0
3277  munmap(0x7a343e36f000, 29392)     = 0
3277  execve("./fact", ["fact", "7", "8"], 0x7ffc77b708b0 /* 18 vars */) = 0
3277  brk(NULL)                         = 0x5f248c2f4000
3277  arch_prctl(0x3001 /* ARCH_??? */, 0x7ffd8d472b70) = -1 EINVAL (Invalid argument)
3277  mmap(NULL, 8192, PROT_READ|PROT_WRITE, MAP_PRIVATE|MAP_ANONYMOUS, -1, 0) = 0x73ef0d685000
3277  access("/etc/ld.so.preload", R_OK) = -1 ENOENT (No such file or directory)
3277  openat(AT_FDCWD, "/etc/ld.so.cache", O_RDONLY|O_CLOEXEC) = 3
3277  newfstatat(3, "", {st_mode=S_IFREG|0644, st_size=29392, ...}, AT_EMPTY_PATH) = 0
3277  mmap(NULL, 29392, PROT_READ, MAP_PRIVATE, 3, 0) = 0x73ef0d67d000
3277  close(3)                          = 0
3277  openat(AT_FDCWD, "/lib/x86_64-linux-gnu/libc.so.6", O_RDONLY|O_CLOEXEC) = 3
3277  read(3, "\177ELF\2\1\1\3\0\0\0\0\0\0\0\0\3\0>\0\1\0\0\0P\237\2\0\0\0\0\0"..., 832) = 832
3277  pread64(3, "\6\0\0\0\4\0\0\0@\0\0\0\0\0\0\0@\0\0\0\0\0\0\0@\0\0\0\0\0\0\0"..., 784, 64) = 784
3277  pread64(3, "\4\0\0\0 \0\0\0\5\0\0\0GNU\0\2\0\0\300\4\0\0\0\3\0\0\0\0\0\0\0"..., 48, 848) = 48
3277  pread64(3, "\4\0\0\0\24\0\0\0\3\0\0\0GNU\0\325\31p\226\367\t\200\30)\261\30\257\33|\366c"..., 68, 896) = 68
3277  newfstatat(3, "", {st_mode=S_IFREG|0755, st_size=2220400, ...}, AT_EMPTY_PATH) = 0
3277  pread64(3, "\6\0\0\0\4\0\0\0@\0\0\0\0\0\0\0@\0\0\0\0\0\0\0@\0\0\0\0\0\0\0"..., 784, 64) = 784
3277  mmap(NULL, 2264656, PROT_READ, MAP_PRIVATE|MAP_DENYWRITE, 3, 0) = 0x73ef0d454000
3277  mprotect(0x73ef0d47c000, 2023424, PROT_NONE) = 0
3277  mmap(0x73ef0d47c000, 1658880, PROT_READ|PROT_EXEC, MAP_PRIVATE|MAP_FIXED|MAP_DENYWRITE, 3, 0x28000) = 0x73ef0d47c000
3277  mmap(0x73ef0d611000, 360448, PROT_READ, MAP_PRIVATE|MAP_FIXED|MAP_DENYWRITE, 3, 0x1bd000) = 0x73ef0d611000
3277  mmap(0x73ef0d66a000, 24576, PROT_READ|PROT_WRITE, MAP_PRIVATE|MAP_FIXED|MAP_DENYWRITE, 3, 0x215000) = 0x73ef0d66a000
3277  mmap(0x73ef0d670000, 52816, PROT_READ|PROT_WRITE, MAP_PRIVATE|MAP_FIXED|MAP_ANONYMOUS, -1, 0) = 0x73ef0d670000
3277  close(3)                          = 0
3277  mmap(NULL, 12288, PROT_READ|PROT_WRITE, MAP_PRIVATE|MAP_ANONYMOUS, -1, 0) = 0x73ef0d451000
3277  arch_prctl(ARCH_SET_FS, 0x73ef0d451740) = 0
3277  set_tid_address(0x73ef0d451a10)   = 3277
3277  set_robust_list(0x73ef0d451a20, 24) = 0
3277  rseq(0x73ef0d4520e0, 0x20, 0, 0x53053053) = 0
3277  mprotect(0x73ef0d66a000, 16384, PROT_READ) = 0
3277  mprotect(0x5f24821f5000, 4096, PROT_READ) = 0
3277  mprotect(0x73ef0d6bf000, 8192, PROT_READ) = 0
3277  prlimit64(0, RLIMIT_STACK, NULL, {rlim_cur=8192*1024, rlim_max=RLIM64_INFINITY}) = 0
3277  munmap(0x73ef0d67d000, 29392)     = 0
3277  execve("./fact", ["fact", "6", "56"], 0x7ffd8d472d58 /* 18 vars */) = 0
3277  brk(NULL)                         = 0x5f7cdcddc000
3277  arch_prctl(0x3001 /* ARCH_??? */, 0x7ffff7e26f30) = -1 EINVAL (Invalid argument)
3277  mmap(NULL, 8192, PROT_READ|PROT_WRITE, MAP_PRIVATE|MAP_ANONYMOUS, -1, 0) = 0x7327cd540000
3277  access("/etc/ld.so.preload", R_OK) = -1 ENOENT (No such file or directory)
3277  openat(AT_FDCWD, "/etc/ld.so.cache", O_RDONLY|O_CLOEXEC) = 3
3277  newfstatat(3, "", {st_mode=S_IFREG|0644, st_size=29392, ...}, AT_EMPTY_PATH) = 0
3277  mmap(NULL, 29392, PROT_READ, MAP_PRIVATE, 3, 0) = 0x7327cd538000
3277  close(3)                          = 0
3277  openat(AT_FDCWD, "/lib/x86_64-linux-gnu/libc.so.6", O_RDONLY|O_CLOEXEC) = 3
3277  read(3, "\177ELF\2\1\1\3\0\0\0\0\0\0\0\0\3\0>\0\1\0\0\0P\237\2\0\0\0\0\0"..., 832) = 832
3277  pread64(3, "\6\0\0\0\4\0\0\0@\0\0\0\0\0\0\0@\0\0\0\0\0\0\0@\0\0\0\0\0\0\0"..., 784, 64) = 784
3277  pread64(3, "\4\0\0\0 \0\0\0\5\0\0\0GNU\0\2\0\0\300\4\0\0\0\3\0\0\0\0\0\0\0"..., 48, 848) = 48
3277  pread64(3, "\4\0\0\0\24\0\0\0\3\0\0\0GNU\0\325\31p\226\367\t\200\30)\261\30\257\33|\366c"..., 68, 896) = 68
3277  newfstatat(3, "", {st_mode=S_IFREG|0755, st_size=2220400, ...}, AT_EMPTY_PATH) = 0
3277  pread64(3, "\6\0\0\0\4\0\0\0@\0\0\0\0\0\0\0@\0\0\0\0\0\0\0@\0\0\0\0\0\0\0"..., 784, 64) = 784
3277  mmap(NULL, 2264656, PROT_READ, MAP_PRIVATE|MAP_DENYWRITE, 3, 0) = 0x7327cd30f000
3277  mprotect(0x7327cd337000, 2023424, PROT_NONE) = 0
3277  mmap(0x7327cd337000, 1658880, PROT_READ|PROT_EXEC, MAP_PRIVATE|MAP_FIXED|MAP_DENYWRITE, 3, 0x28000) = 0x7327cd337000
3277  mmap(0x7327cd4cc000, 360448, PROT_READ, MAP_PRIVATE|MAP_FIXED|MAP_DENYWRITE, 3, 0x1bd000) = 0x7327cd4cc000
3277  mmap(0x7327cd525000, 24576, PROT_READ|PROT_WRITE, MAP_PRIVATE|MAP_FIXED|MAP_DENYWRITE, 3, 0x215000) = 0x7327cd525000
3277  mmap(0x7327cd52b000, 52816, PROT_READ|PROT_WRITE, MAP_PRIVATE|MAP_FIXED|MAP_ANONYMOUS, -1, 0) = 0x7327cd52b000
3277  close(3)                          = 0
3277  mmap(NULL, 12288, PROT_READ|PROT_WRITE, MAP_PRIVATE|MAP_ANONYMOUS, -1, 0) = 0x7327cd30c000
3277  arch_prctl(ARCH_SET_FS, 0x7327cd30c740) = 0
3277  set_tid_address(0x7327cd30ca10)   = 3277
3277  set_robust_list(0x7327cd30ca20, 24) = 0
3277  rseq(0x7327cd30d0e0, 0x20, 0, 0x53053053) = 0
3277  mprotect(0x7327cd525000, 16384, PROT_READ) = 0
3277  mprotect(0x5f7cab1c5000, 4096, PROT_READ) = 0
3277  mprotect(0x7327cd57a000, 8192, PROT_READ) = 0
3277  prlimit64(0, RLIMIT_STACK, NULL, {rlim_cur=8192*1024, rlim_max=RLIM64_INFINITY}) = 0
3277  munmap(0x7327cd538000, 29392)     = 0
3277  execve("./fact", ["fact", "5", "336"], 0x7ffff7e27118 /* 18 vars */) = 0
3277  brk(NULL)                         = 0x63f9278c0000
3277  arch_prctl(0x3001 /* ARCH_??? */, 0x7ffeef69f260) = -1 EINVAL (Invalid argument)
3277  mmap(NULL, 8192, PROT_READ|PROT_WRITE, MAP_PRIVATE|MAP_ANONYMOUS, -1, 0) = 0x7fbc134c6000
3277  access("/etc/ld.so.preload", R_OK) = -1 ENOENT (No such file or directory)
3277  openat(AT_FDCWD, "/etc/ld.so.cache", O_RDONLY|O_CLOEXEC) = 3
3277  newfstatat(3, "", {st_mode=S_IFREG|0644, st_size=29392, ...}, AT_EMPTY_PATH) = 0
3277  mmap(NULL, 29392, PROT_READ, MAP_PRIVATE, 3, 0) = 0x7fbc134be000
3277  close(3)                          = 0
3277  openat(AT_FDCWD, "/lib/x86_64-linux-gnu/libc.so.6", O_RDONLY|O_CLOEXEC) = 3
3277  read(3, "\177ELF\2\1\1\3\0\0\0\0\0\0\0\0\3\0>\0\1\0\0\0P\237\2\0\0\0\0\0"..., 832) = 832
3277  pread64(3, "\6\0\0\0\4\0\0\0@\0\0\0\0\0\0\0@\0\0\0\0\0\0\0@\0\0\0\0\0\0\0"..., 784, 64) = 784
3277  pread64(3, "\4\0\0\0 \0\0\0\5\0\0\0GNU\0\2\0\0\300\4\0\0\0\3\0\0\0\0\0\0\0"..., 48, 848) = 48
3277  pread64(3, "\4\0\0\0\24\0\0\0\3\0\0\0GNU\0\325\31p\226\367\t\200\30)\261\30\257\33|\366c"..., 68, 896) = 68
3277  newfstatat(3, "", {st_mode=S_IFREG|0755, st_size=2220400, ...}, AT_EMPTY_PATH) = 0
3277  pread64(3, "\6\0\0\0\4\0\0\0@\0\0\0\0\0\0\0@\0\0\0\0\0\0\0@\0\0\0\0\0\0\0"..., 784, 64) = 784
3277  mmap(NULL, 2264656, PROT_READ, MAP_PRIVATE|MAP_DENYWRITE, 3, 0) = 0x7fbc13295000
3277  mprotect(0x7fbc132bd000, 2023424, PROT_NONE) = 0
3277  mmap(0x7fbc132bd000, 1658880, PROT_READ|PROT_EXEC, MAP_PRIVATE|MAP_FIXED|MAP_DENYWRITE, 3, 0x28000) = 0x7fbc132bd000
3277  mmap(0x7fbc13452000, 360448, PROT_READ, MAP_PRIVATE|MAP_FIXED|MAP_DENYWRITE, 3, 0x1bd000) = 0x7fbc13452000
3277  mmap(0x7fbc134ab000, 24576, PROT_READ|PROT_WRITE, MAP_PRIVATE|MAP_FIXED|MAP_DENYWRITE, 3, 0x215000) = 0x7fbc134ab000
3277  mmap(0x7fbc134b1000, 52816, PROT_READ|PROT_WRITE, MAP_PRIVATE|MAP_FIXED|MAP_ANONYMOUS, -1, 0) = 0x7fbc134b1000
3277  close(3)                          = 0
3277  mmap(NULL, 12288, PROT_READ|PROT_WRITE, MAP_PRIVATE|MAP_ANONYMOUS, -1, 0) = 0x7fbc13292000
3277  arch_prctl(ARCH_SET_FS, 0x7fbc13292740) = 0
3277  set_tid_address(0x7fbc13292a10)   = 3277
3277  set_robust_list(0x7fbc13292a20, 24) = 0
3277  rseq(0x7fbc132930e0, 0x20, 0, 0x53053053) = 0
3277  mprotect(0x7fbc134ab000, 16384, PROT_READ) = 0
3277  mprotect(0x63f8f7750000, 4096, PROT_READ) = 0
3277  mprotect(0x7fbc13500000, 8192, PROT_READ) = 0
3277  prlimit64(0, RLIMIT_STACK, NULL, {rlim_cur=8192*1024, rlim_max=RLIM64_INFINITY}) = 0
3277  munmap(0x7fbc134be000, 29392)     = 0
3277  execve("./fact", ["fact", "4", "1680"], 0x7ffeef69f448 /* 18 vars */) = 0
3277  brk(NULL)                         = 0x5ce473208000
3277  arch_prctl(0x3001 /* ARCH_??? */, 0x7fff5077de80) = -1 EINVAL (Invalid argument)
3277  mmap(NULL, 8192, PROT_READ|PROT_WRITE, MAP_PRIVATE|MAP_ANONYMOUS, -1, 0) = 0x717ec77c4000
3277  access("/etc/ld.so.preload", R_OK) = -1 ENOENT (No such file or directory)
3277  openat(AT_FDCWD, "/etc/ld.so.cache", O_RDONLY|O_CLOEXEC) = 3
3277  newfstatat(3, "", {st_mode=S_IFREG|0644, st_size=29392, ...}, AT_EMPTY_PATH) = 0
3277  mmap(NULL, 29392, PROT_READ, MAP_PRIVATE, 3, 0) = 0x717ec77bc000
3277  close(3)                          = 0
3277  openat(AT_FDCWD, "/lib/x86_64-linux-gnu/libc.so.6", O_RDONLY|O_CLOEXEC) = 3
3277  read(3, "\177ELF\2\1\1\3\0\0\0\0\0\0\0\0\3\0>\0\1\0\0\0P\237\2\0\0\0\0\0"..., 832) = 832
3277  pread64(3, "\6\0\0\0\4\0\0\0@\0\0\0\0\0\0\0@\0\0\0\0\0\0\0@\0\0\0\0\0\0\0"..., 784, 64) = 784
3277  pread64(3, "\4\0\0\0 \0\0\0\5\0\0\0GNU\0\2\0\0\300\4\0\0\0\3\0\0\0\0\0\0\0"..., 48, 848) = 48
3277  pread64(3, "\4\0\0\0\24\0\0\0\3\0\0\0GNU\0\325\31p\226\367\t\200\30)\261\30\257\33|\366c"..., 68, 896) = 68
3277  newfstatat(3, "", {st_mode=S_IFREG|0755, st_size=2220400, ...}, AT_EMPTY_PATH) = 0
3277  pread64(3, "\6\0\0\0\4\0\0\0@\0\0\0\0\0\0\0@\0\0\0\0\0\0\0@\0\0\0\0\0\0\0"..., 784, 64) = 784
3277  mmap(NULL, 2264656, PROT_READ, MAP_PRIVATE|MAP_DENYWRITE, 3, 0) = 0x717ec7593000
3277  mprotect(0x717ec75bb000, 2023424, PROT_NONE) = 0
3277  mmap(0x717ec75bb000, 1658880, PROT_READ|PROT_EXEC, MAP_PRIVATE|MAP_FIXED|MAP_DENYWRITE, 3, 0x28000) = 0x717ec75bb000
3277  mmap(0x717ec7750000, 360448, PROT_READ, MAP_PRIVATE|MAP_FIXED|MAP_DENYWRITE, 3, 0x1bd000) = 0x717ec7750000
3277  mmap(0x717ec77a9000, 24576, PROT_READ|PROT_WRITE, MAP_PRIVATE|MAP_FIXED|MAP_DENYWRITE, 3, 0x215000) = 0x717ec77a9000
3277  mmap(0x717ec77af000, 52816, PROT_READ|PROT_WRITE, MAP_PRIVATE|MAP_FIXED|MAP_ANONYMOUS, -1, 0) = 0x717ec77af000
3277  close(3)                          = 0
3277  mmap(NULL, 12288, PROT_READ|PROT_WRITE, MAP_PRIVATE|MAP_ANONYMOUS, -1, 0) = 0x717ec7590000
3277  arch_prctl(ARCH_SET_FS, 0x717ec7590740) = 0
3277  set_tid_address(0x717ec7590a10)   = 3277
3277  set_robust_list(0x717ec7590a20, 24) = 0
3277  rseq(0x717ec75910e0, 0x20, 0, 0x53053053) = 0
3277  mprotect(0x717ec77a9000, 16384, PROT_READ) = 0
3277  mprotect(0x5ce4397ee000, 4096, PROT_READ) = 0
3277  mprotect(0x717ec77fe000, 8192, PROT_READ) = 0
3277  prlimit64(0, RLIMIT_STACK, NULL, {rlim_cur=8192*1024, rlim_max=RLIM64_INFINITY}) = 0
3277  munmap(0x717ec77bc000, 29392)     = 0
3277  execve("./fact", ["fact", "3", "6720"], 0x7fff5077e068 /* 18 vars */) = 0
3277  brk(NULL)                         = 0x5a368e5ee000
3277  arch_prctl(0x3001 /* ARCH_??? */, 0x7ffc4189c230) = -1 EINVAL (Invalid argument)
3277  mmap(NULL, 8192, PROT_READ|PROT_WRITE, MAP_PRIVATE|MAP_ANONYMOUS, -1, 0) = 0x7309a871b000
3277  access("/etc/ld.so.preload", R_OK) = -1 ENOENT (No such file or directory)
3277  openat(AT_FDCWD, "/etc/ld.so.cache", O_RDONLY|O_CLOEXEC) = 3
3277  newfstatat(3, "", {st_mode=S_IFREG|0644, st_size=29392, ...}, AT_EMPTY_PATH) = 0
3277  mmap(NULL, 29392, PROT_READ, MAP_PRIVATE, 3, 0) = 0x7309a8713000
3277  close(3)                          = 0
3277  openat(AT_FDCWD, "/lib/x86_64-linux-gnu/libc.so.6", O_RDONLY|O_CLOEXEC) = 3
3277  read(3, "\177ELF\2\1\1\3\0\0\0\0\0\0\0\0\3\0>\0\1\0\0\0P\237\2\0\0\0\0\0"..., 832) = 832
3277  pread64(3, "\6\0\0\0\4\0\0\0@\0\0\0\0\0\0\0@\0\0\0\0\0\0\0@\0\0\0\0\0\0\0"..., 784, 64) = 784
3277  pread64(3, "\4\0\0\0 \0\0\0\5\0\0\0GNU\0\2\0\0\300\4\0\0\0\3\0\0\0\0\0\0\0"..., 48, 848) = 48
3277  pread64(3, "\4\0\0\0\24\0\0\0\3\0\0\0GNU\0\325\31p\226\367\t\200\30)\261\30\257\33|\366c"..., 68, 896) = 68
3277  newfstatat(3, "", {st_mode=S_IFREG|0755, st_size=2220400, ...}, AT_EMPTY_PATH) = 0
3277  pread64(3, "\6\0\0\0\4\0\0\0@\0\0\0\0\0\0\0@\0\0\0\0\0\0\0@\0\0\0\0\0\0\0"..., 784, 64) = 784
3277  mmap(NULL, 2264656, PROT_READ, MAP_PRIVATE|MAP_DENYWRITE, 3, 0) = 0x7309a84ea000
3277  mprotect(0x7309a8512000, 2023424, PROT_NONE) = 0
3277  mmap(0x7309a8512000, 1658880, PROT_READ|PROT_EXEC, MAP_PRIVATE|MAP_FIXED|MAP_DENYWRITE, 3, 0x28000) = 0x7309a8512000
3277  mmap(0x7309a86a7000, 360448, PROT_READ, MAP_PRIVATE|MAP_FIXED|MAP_DENYWRITE, 3, 0x1bd000) = 0x7309a86a7000
3277  mmap(0x7309a8700000, 24576, PROT_READ|PROT_WRITE, MAP_PRIVATE|MAP_FIXED|MAP_DENYWRITE, 3, 0x215000) = 0x7309a8700000
3277  mmap(0x7309a8706000, 52816, PROT_READ|PROT_WRITE, MAP_PRIVATE|MAP_FIXED|MAP_ANONYMOUS, -1, 0) = 0x7309a8706000
3277  close(3)                          = 0
3277  mmap(NULL, 12288, PROT_READ|PROT_WRITE, MAP_PRIVATE|MAP_ANONYMOUS, -1, 0) = 0x7309a84e7000
3277  arch_prctl(ARCH_SET_FS, 0x7309a84e7740) = 0
3277  set_tid_address(0x7309a84e7a10)   = 3277
3277  set_robust_list(0x7309a84e7a20, 24) = 0
3277  rseq(0x7309a84e80e0, 0x20, 0, 0x53053053) = 0
3277  mprotect(0x7309a8700000, 16384, PROT_READ) = 0
3277  mprotect(0x5a3679e94000, 4096, PROT_READ) = 0
3277  mprotect(0x7309a8755000, 8192, PROT_READ) = 0
3277  prlimit64(0, RLIMIT_STACK, NULL, {rlim_cur=8192*1024, rlim_max=RLIM64_INFINITY}) = 0
3277  munmap(0x7309a8713000, 29392)     = 0
3277  execve("./fact", ["fact", "2", "20160"], 0x7ffc4189c418 /* 18 vars */) = 0
3277  brk(NULL)                         = 0x603a8443f000
3277  arch_prctl(0x3001 /* ARCH_??? */, 0x7ffc31f965f0) = -1 EINVAL (Invalid argument)
3277  mmap(NULL, 8192, PROT_READ|PROT_WRITE, MAP_PRIVATE|MAP_ANONYMOUS, -1, 0) = 0x7befb5923000
3277  access("/etc/ld.so.preload", R_OK) = -1 ENOENT (No such file or directory)
3277  openat(AT_FDCWD, "/etc/ld.so.cache", O_RDONLY|O_CLOEXEC) = 3
3277  newfstatat(3, "", {st_mode=S_IFREG|0644, st_size=29392, ...}, AT_EMPTY_PATH) = 0
3277  mmap(NULL, 29392, PROT_READ, MAP_PRIVATE, 3, 0) = 0x7befb591b000
3277  close(3)                          = 0
3277  openat(AT_FDCWD, "/lib/x86_64-linux-gnu/libc.so.6", O_RDONLY|O_CLOEXEC) = 3
3277  read(3, "\177ELF\2\1\1\3\0\0\0\0\0\0\0\0\3\0>\0\1\0\0\0P\237\2\0\0\0\0\0"..., 832) = 832
3277  pread64(3, "\6\0\0\0\4\0\0\0@\0\0\0\0\0\0\0@\0\0\0\0\0\0\0@\0\0\0\0\0\0\0"..., 784, 64) = 784
3277  pread64(3, "\4\0\0\0 \0\0\0\5\0\0\0GNU\0\2\0\0\300\4\0\0\0\3\0\0\0\0\0\0\0"..., 48, 848) = 48
3277  pread64(3, "\4\0\0\0\24\0\0\0\3\0\0\0GNU\0\325\31p\226\367\t\200\30)\261\30\257\33|\366c"..., 68, 896) = 68
3277  newfstatat(3, "", {st_mode=S_IFREG|0755, st_size=2220400, ...}, AT_EMPTY_PATH) = 0
3277  pread64(3, "\6\0\0\0\4\0\0\0@\0\0\0\0\0\0\0@\0\0\0\0\0\0\0@\0\0\0\0\0\0\0"..., 784, 64) = 784
3277  mmap(NULL, 2264656, PROT_READ, MAP_PRIVATE|MAP_DENYWRITE, 3, 0) = 0x7befb56f2000
3277  mprotect(0x7befb571a000, 2023424, PROT_NONE) = 0
3277  mmap(0x7befb571a000, 1658880, PROT_READ|PROT_EXEC, MAP_PRIVATE|MAP_FIXED|MAP_DENYWRITE, 3, 0x28000) = 0x7befb571a000
3277  mmap(0x7befb58af000, 360448, PROT_READ, MAP_PRIVATE|MAP_FIXED|MAP_DENYWRITE, 3, 0x1bd000) = 0x7befb58af000
3277  mmap(0x7befb5908000, 24576, PROT_READ|PROT_WRITE, MAP_PRIVATE|MAP_FIXED|MAP_DENYWRITE, 3, 0x215000) = 0x7befb5908000
3277  mmap(0x7befb590e000, 52816, PROT_READ|PROT_WRITE, MAP_PRIVATE|MAP_FIXED|MAP_ANONYMOUS, -1, 0) = 0x7befb590e000
3277  close(3)                          = 0
3277  mmap(NULL, 12288, PROT_READ|PROT_WRITE, MAP_PRIVATE|MAP_ANONYMOUS, -1, 0) = 0x7befb56ef000
3277  arch_prctl(ARCH_SET_FS, 0x7befb56ef740) = 0
3277  set_tid_address(0x7befb56efa10)   = 3277
3277  set_robust_list(0x7befb56efa20, 24) = 0
3277  rseq(0x7befb56f00e0, 0x20, 0, 0x53053053) = 0
3277  mprotect(0x7befb5908000, 16384, PROT_READ) = 0
3277  mprotect(0x603a75fa3000, 4096, PROT_READ) = 0
3277  mprotect(0x7befb595d000, 8192, PROT_READ) = 0
3277  prlimit64(0, RLIMIT_STACK, NULL, {rlim_cur=8192*1024, rlim_max=RLIM64_INFINITY}) = 0
3277  munmap(0x7befb591b000, 29392)     = 0
3277  execve("./fact", ["fact", "1", "40320"], 0x7ffc31f967d8 /* 18 vars */) = 0
3277  brk(NULL)                         = 0x5be40feb5000
3277  arch_prctl(0x3001 /* ARCH_??? */, 0x7ffef55d7180) = -1 EINVAL (Invalid argument)
3277  mmap(NULL, 8192, PROT_READ|PROT_WRITE, MAP_PRIVATE|MAP_ANONYMOUS, -1, 0) = 0x7c00a8a3a000
3277  access("/etc/ld.so.preload", R_OK) = -1 ENOENT (No such file or directory)
3277  openat(AT_FDCWD, "/etc/ld.so.cache", O_RDONLY|O_CLOEXEC) = 3
3277  newfstatat(3, "", {st_mode=S_IFREG|0644, st_size=29392, ...}, AT_EMPTY_PATH) = 0
3277  mmap(NULL, 29392, PROT_READ, MAP_PRIVATE, 3, 0) = 0x7c00a8a32000
3277  close(3)                          = 0
3277  openat(AT_FDCWD, "/lib/x86_64-linux-gnu/libc.so.6", O_RDONLY|O_CLOEXEC) = 3
3277  read(3, "\177ELF\2\1\1\3\0\0\0\0\0\0\0\0\3\0>\0\1\0\0\0P\237\2\0\0\0\0\0"..., 832) = 832
3277  pread64(3, "\6\0\0\0\4\0\0\0@\0\0\0\0\0\0\0@\0\0\0\0\0\0\0@\0\0\0\0\0\0\0"..., 784, 64) = 784
3277  pread64(3, "\4\0\0\0 \0\0\0\5\0\0\0GNU\0\2\0\0\300\4\0\0\0\3\0\0\0\0\0\0\0"..., 48, 848) = 48
3277  pread64(3, "\4\0\0\0\24\0\0\0\3\0\0\0GNU\0\325\31p\226\367\t\200\30)\261\30\257\33|\366c"..., 68, 896) = 68
3277  newfstatat(3, "", {st_mode=S_IFREG|0755, st_size=2220400, ...}, AT_EMPTY_PATH) = 0
3277  pread64(3, "\6\0\0\0\4\0\0\0@\0\0\0\0\0\0\0@\0\0\0\0\0\0\0@\0\0\0\0\0\0\0"..., 784, 64) = 784
3277  mmap(NULL, 2264656, PROT_READ, MAP_PRIVATE|MAP_DENYWRITE, 3, 0) = 0x7c00a8809000
3277  mprotect(0x7c00a8831000, 2023424, PROT_NONE) = 0
3277  mmap(0x7c00a8831000, 1658880, PROT_READ|PROT_EXEC, MAP_PRIVATE|MAP_FIXED|MAP_DENYWRITE, 3, 0x28000) = 0x7c00a8831000
3277  mmap(0x7c00a89c6000, 360448, PROT_READ, MAP_PRIVATE|MAP_FIXED|MAP_DENYWRITE, 3, 0x1bd000) = 0x7c00a89c6000
3277  mmap(0x7c00a8a1f000, 24576, PROT_READ|PROT_WRITE, MAP_PRIVATE|MAP_FIXED|MAP_DENYWRITE, 3, 0x215000) = 0x7c00a8a1f000
3277  mmap(0x7c00a8a25000, 52816, PROT_READ|PROT_WRITE, MAP_PRIVATE|MAP_FIXED|MAP_ANONYMOUS, -1, 0) = 0x7c00a8a25000
3277  close(3)                          = 0
3277  mmap(NULL, 12288, PROT_READ|PROT_WRITE, MAP_PRIVATE|MAP_ANONYMOUS, -1, 0) = 0x7c00a8806000
3277  arch_prctl(ARCH_SET_FS, 0x7c00a8806740) = 0
3277  set_tid_address(0x7c00a8806a10)   = 3277
3277  set_robust_list(0x7c00a8806a20, 24) = 0
3277  rseq(0x7c00a88070e0, 0x20, 0, 0x53053053) = 0
3277  mprotect(0x7c00a8a1f000, 16384, PROT_READ) = 0
3277  mprotect(0x5be3d9bee000, 4096, PROT_READ) = 0
3277  mprotect(0x7c00a8a74000, 8192, PROT_READ) = 0
3277  prlimit64(0, RLIMIT_STACK, NULL, {rlim_cur=8192*1024, rlim_max=RLIM64_INFINITY}) = 0
3277  munmap(0x7c00a8a32000, 29392)     = 0
3277  newfstatat(1, "", {st_mode=S_IFIFO|0600, st_size=0, ...}, AT_EMPTY_PATH) = 0
3277  getrandom("\xed\xdf\x48\x46\x9d\x89\xfa\x97", 8, GRND_NONBLOCK) = 8
3277  brk(NULL)                         = 0x5be40feb5000
3277  brk(0x5be40fed6000)               = 0x5be40fed6000
3277  write(1, "40320", 5)              = 5
3277  exit_group(1)                     = ?
3277  +++ exited with 1 +++
