3291  execve("./fact", ["./fact", "10"], 0x7ffdd5a64fb0 /* 18 vars */) = 0
3291  brk(NULL)                         = 0x64e9a6147000
3291  arch_prctl(0x3001 /* ARCH_??? */, 0x7ffd6565ea70) = -1 EINVAL (Invalid argument)
3291  mmap(NULL, 8192, PROT_READ|PROT_WRITE, MAP_PRIVATE|MAP_ANONYMOUS, -1, 0) = 0x705b95de1000
3291  access("/etc/ld.so.preload", R_OK) = -1 ENOENT (No such file or directory)
3291  openat(AT_FDCWD, "/etc/ld.so.cache", O_RDONLY|O_CLOEXEC) = 3
3291  newfstatat(3, "", {st_mode=S_IFREG|0644, st_size=29392, ...}, AT_EMPTY_PATH) = 0
3291  mmap(NULL, 29392, PROT_READ, MAP_PRIVATE, 3, 0) = 0x705b95dd9000
3291  close(3)                          = 0
3291  openat(AT_FDCWD, "/lib/x86_64-linux-gnu/libc.so.6", O_RDONLY|O_CLOEXEC) = 3
3291  read(3, "\177ELF\2\1\1\3\0\0\0\0\0\0\0\0\3\0>\0\1\0\0\0P\237\2\0\0\0\0\0"..., 832) = 832
3291  pread64(3, "\6\0\0\0\4\0\0\0@\0\0\0\0\0\0\0@\0\0\0\0\0\0\0@\0\0\0\0\0\0\0"..., 784, 64) = 784
3291  pread64(3, "\4\0\0\0 \0\0\0\5\0\0\0GNU\0\2\0\0\300\4\0\0\0\3\0\0\0\0\0\0\0"..., 48, 848) = 48
3291  pread64(3, "\4\0\0\0\24\0\0\0\3\0\0\0GNU\0\325\31p\226\367\t\200\30)\261\30\257\33|\366c"..., 68, 896) = 68
3291  newfstatat(3, "", {st_mode=S_IFREG|0755, st_size=2220400, ...}, AT_EMPTY_PATH) = 0
3291  pread64(3, "\6\0\0\0\4\0\0\0@\0\0\0\0\0\0\0@\0\0\0\0\0\0\0@\0\0\0\0\0\0\0"..., 784, 64) = 784
3291  mmap(NULL, 2264656, PROT_READ, MAP_PRIVATE|MAP_DENYWRITE, 3, 0) = 0x705b95bb0000
3291  mprotect(0x705b95bd8000, 2023424, PROT_NONE) = 0
3291  mmap(0x705b95bd8000, 1658880, PROT_READ|PROT_EXEC, MAP_PRIVATE|MAP_FIXED|MAP_DENYWRITE, 3, 0x28000) = 0x705b95bd8000
3291  mmap(0x705b95d6d000, 360448, PROT_READ, MAP_PRIVATE|MAP_FIXED|MAP_DENYWRITE, 3, 0x1bd000) = 0x705b95d6d000
3291  mmap(0x705b95dc6000, 24576, PROT_READ|PROT_WRITE, MAP_PRIVATE|MAP_FIXED|MAP_DENYWRITE, 3, 0x215000) = 0x705b95dc6000
3291  mmap(0x705b95dcc000, 52816, PROT_READ|PROT_WRITE, MAP_PRIVATE|MAP_FIXED|MAP_ANONYMOUS, -1, 0) = 0x705b95dcc000
3291  close(3)                          = 0
3291  mmap(NULL, 12288, PROT_READ|PROT_WRITE, MAP_PRIVATE|MAP_ANONYMOUS, -1, 0) = 0x705b95bad000
3291  arch_prctl(ARCH_SET_FS, 0x705b95bad740) = 0
3291  set_tid_address(0x705b95bada10)   = 3291
3291  set_robust_list(0x705b95bada20, 24) = 0
3291  rseq(0x705b95bae0e0, 0x20, 0, 0x53053053) = 0
3291  mprotect(0x705b95dc6000, 16384, PROT_READ) = 0
3291  mprotect(0x64e99f7d0000, 4096, PROT_READ) = 0
3291  mprotect(0x705b95e1b000, 8192, PROT_READ) = 0
3291  prlimit64(0, RLIMIT_STACK, NULL, {rlim_cur=8192*1024, rlim_max=RLIM64_INFINITY}) = 0
3291  munmap(0x705b95dd9000, 29392)     = 0
3291  execve("./fact", ["fact", "9", "10"], 0x7ffd6565ec50 /* 18 vars */) = 0
3291  brk(NULL)                         = 0x5a7e4172b000
3291  arch_prctl(0x3001 /* ARCH_??? */, 0x7ffcf9740f00) = -1 EINVAL (Invalid argument)
3291  mmap(NULL, 8192, PROT_READ|PROT_WRITE, MAP_PRIVATE|MAP_ANONYMOUS, -1, 0) = 0x77c67a063000
3291  access("/etc/ld.so.preload", R_OK) = -1 ENOENT (No such file or directory)
3291  openat(AT_FDCWD, "/etc/ld.so.cache", O_RDONLY|O_CLOEXEC) = 3
3291  newfstatat(3, "", {st_mode=S_IFREG|0644, st_size=29392, ...}, AT_EMPTY_PATH) = 0
3291  mmap(NULL, 29392, PROT_READ, MAP_PRIVATE, 3, 0) = 0x77c67a05b000
3291  close(3)                          = 0
3291  openat(AT_FDCWD, "/lib/x86_64-linux-gnu/libc.so.6", O_RDONLY|O_CLOEXEC) = 3
3291  read(3, "\177ELF\2\1\1\3\0\0\0\0\0\0\0\0\3\0>\0\1\0\0\0P\237\2\0\0\0\0\0"..., 832) = 832
3291  pread64(3, "\6\0\0\0\4\0\0\0@\0\0\0\0\0\0\0@\0\0\0\0\0\0\0@\0\0\0\0\0\0\0"..., 784, 64) = 784
3291  pread64(3, "\4\0\0\0 \0\0\0\5\0\0\0GNU\0\2\0\0\300\4\0\0\0\3\0\0\0\0\0\0\0"..., 48, 848) = 48
3291  pread64(3, "\4\0\0\0\24\0\0\0\3\0\0\0GNU\0\325\31p\226\367\t\200\30)\261\30\257\33|\366c"..., 68, 896) = 68
3291  newfstatat(3, "", {st_mode=S_IFREG|0755, st_size=2220400, ...}, AT_EMPTY_PATH) = 0
3291  pread64(3, "\6\0\0\0\4\0\0\0@\0\0\0\0\0\0\0@\0\0\0\0\0\0\0@\0\0\0\0\0\0\0"..., 784, 64) = 784
3291  mmap(NULL, 2264656, PROT_READ, MAP_PRIVATE|MAP_DENYWRITE, 3, 0) = 0x77c679e32000
3291  mprotect(0x77c679e5a000, 2023424, PROT_NONE) = 0
3291  mmap(0x77c679e5a000, 1658880, PROT_READ|PROT_EXEC, MAP_PRIVATE|MAP_FIXED|MAP_DENYWRITE, 3, 0x28000) = 0x77c679e5a000
3291  mmap(0x77c679fef000, 360448, PROT_READ, MAP_PRIVATE|MAP_FIXED|MAP_DENYWRITE, 3, 0x1bd000) = 0x77c679fef000
3291  mmap(0x77c67a048000, 24576, PROT_READ|PROT_WRITE, MAP_PRIVATE|MAP_FIXED|MAP_DENYWRITE, 3, 0x215000) = 0x77c67a048000
3291  mmap(0x77c67a04e000, 52816, PROT_READ|PROT_WRITE, MAP_PRIVATE|MAP_FIXED|MAP_ANONYMOUS, -1, 0) = 0x77c67a04e000
3291  close(3)                          = 0
3291  mmap(NULL, 12288, PROT_READ|PROT_WRITE, MAP_PRIVATE|MAP_ANONYMOUS, -1, 0) = 0x77c679e2f000
3291  arch_prctl(ARCH_SET_FS, 0x77c679e2f740) = 0
3291  set_tid_address(0x77c679e2fa10)   = 3291
3291  set_robust_list(0x77c679e2fa20, 24) = 0
3291  rseq(0x77c679e300e0, 0x20, 0, 0x53053053) = 0
3291  mprotect(0x77c67a048000, 16384, PROT_READ) = 0
3291  mprotect(0x5a7e37a23000, 4096, PROT_READ) = 0
3291  mprotect(0x77c67a09d000, 8192, PROT_READ) = 0
3291  prlimit64(0, RLIMIT_STACK, NULL, {rlim_cur=8192*1024, rlim_max=RLIM64_INFINITY}) = 0
3291  munmap(0x77c67a05b000, 29392)     = 0
3291  execve("./fact", ["fact", "8", "90"], 0x7ffcf97410e8 /* 18 vars */) = 0
3291  brk(NULL)                         = 0x5cb4c86c5000
3291  arch_prctl(0x3001 /* ARCH_??? */, 0x7ffe10d99b70) = -1 EINVAL (Invalid argument)
3291  mmap(NULL, 8192, PROT_READ|PROT_WRITE, MAP_PRIVATE|MAP_ANONYMOUS, -1, 0) = 0x74533fc46000
3291  access("/etc/ld.so.preload", R_OK) = -1 ENOENT (No such file or directory)
3291  openat(AT_FDCWD, "/etc/ld.so.cache", O_RDONLY|O_CLOEXEC) = 3
3291  newfstatat(3, "", {st_mode=S_IFREG|0644, st_size=29392, ...}, AT_EMPTY_PATH) = 0
3291  mmap(NULL, 29392, PROT_READ, MAP_PRIVATE, 3, 0) = 0x74533fc3e000
3291  close(3)                          = 0
3291  openat(AT_FDCWD, "/lib/x86_64-linux-gnu/libc.so.6", O_RDONLY|O_CLOEXEC) = 3
3291  read(3, "\177ELF\2\1\1\3\0\0\0\0\0\0\0\0\3\0>\0\1\0\0\0P\237\2\0\0\0\0\0"..., 832) = 832
3291  pread64(3, "\6\0\0\0\4\0\0\0@\0\0\0\0\0\0\0@\0\0\0\0\0\0\0@\0\0\0\0\0\0\0"..., 784, 64) = 784
3291  pread64(3, "\4\0\0\0 \0\0\0\5\0\0\0GNU\0\2\0\0\300\4\0\0\0\3\0\0\0\0\0\0\0"..., 48, 848) = 48
3291  pread64(3, "\4\0\0\0\24\0\0\0\3\0\0\0GNU\0\325\31p\226\367\t\200\30)\261\30\257\33|\366c"..., 68, 896) = 68
3291  newfstatat(3, "", {st_mode=S_IFREG|0755, st_size=2220400, ...}, AT_EMPTY_PATH) = 0
3291  pread64(3, "\6\0\0\0\4\0\0\0@\0\0\0\0\0\0\0@\0\0\0\0\0\0\0@\0\0\0\0\0\0\0"..., 784, 64) = 784
3291  mmap(NULL, 2264656, PROT_READ, MAP_PRIVATE|MAP_DENYWRITE, 3, 0) = 0x74533fa15000
3291  mprotect(0x74533fa3d000, 2023424, PROT_NONE) = 0
3291  mmap(0x74533fa3d000, 1658880, PROT_READ|PROT_EXEC, MAP_PRIVATE|MAP_FIXED|MAP_DENYWRITE, 3, 0x28000) = 0x74533fa3d000
3291  mmap(0x74533fbd2000, 360448, PROT_READ, MAP_PRIVATE|MAP_FIXED|MAP_DENYWRITE, 3, 0x1bd000) = 0x74533fbd2000
3291  mmap(0x74533fc2b000, 24576, PROT_READ|PROT_WRITE, MAP_PRIVATE|MAP_FIXED|MAP_DENYWRITE, 3, 0x215000) = 0x74533fc2b000
3291  mmap(0x74533fc31000, 52816, PROT_READ|PROT_WRITE, MAP_PRIVATE|MAP_FIXED|MAP_ANONYMOUS, -1, 0) = 0x74533fc31000
3291  close(3)                          = 0
3291  mmap(NULL, 12288, PROT_READ|PROT_WRITE, MAP_PRIVATE|MAP_ANONYMOUS, -1, 0) = 0x74533fa12000
3291  arch_prctl(ARCH_SET_FS, 0x74533fa12740) = 0
3291  set_tid_address(0x74533fa12a10)   = 3291
3291  set_robust_list(0x74533fa12a20, 24) = 0
3291  rseq(0x74533fa130e0, 0x20, 0, 0x53053053) = 0
3291  mprotect(0x74533fc2b000, 16384, PROT_READ) = 0
3291  mprotect(0x5cb48f771000, 4096, PROT_READ) = 0
3291  mprotect(0x74533fc80000, 8192, PROT_READ) = 0
3291  prlimit64(0, RLIMIT_STACK, NULL, {rlim_cur=8192*1024, rlim_max=RLIM64_INFINITY}) = 0
3291  munmap(0x74533fc3e000, 29392)     = 0
3291  execve("./fact", ["fact", "7", "720"], 0x7ffe10d99d58 /* 18 vars */) = 0
3291  brk(NULL)                         = 0x608e90471000
3291  arch_prctl(0x3001 /* ARCH_??? */, 0x7ffd4cffcaf0) = -1 EINVAL (Invalid argument)
3291  mmap(NULL, 8192, PROT_READ|PROT_WRITE, MAP_PRIVATE|MAP_ANONYMOUS, -1, 0) = 0x74b6c6e7b000
3291  access("/etc/ld.so.preload", R_OK) = -1 ENOENT (No such file or directory)
3291  openat(AT_FDCWD, "/etc/ld.so.cache", O_RDONLY|O_CLOEXEC) = 3
3291  newfstatat(3, "", {st_mode=S_IFREG|0644, st_size=29392, ...}, AT_EMPTY_PATH) = 0
3291  mmap(NULL, 29392, PROT_READ, MAP_PRIVATE, 3, 0) = 0x74b6c6e73000
3291  close(3)                          = 0
3291  openat(AT_FDCWD, "/lib/x86_64-linux-gnu/libc.so.6", O_RDONLY|O_CLOEXEC) = 3
3291  read(3, "\177ELF\2\1\1\3\0\0\0\0\0\0\0\0\3\0>\0\1\0\0\0P\237\2\0\0\0\0\0"..., 832) = 832
3291  pread64(3, "\6\0\0\0\4\0\0\0@\0\0\0\0\0\0\0@\0\0\0\0\0\0\0@\0\0\0\0\0\0\0"..., 784, 64) = 784
3291  pread64(3, "\4\0\0\0 \0\0\0\5\0\0\0GNU\0\2\0\0\300\4\0\0\0\3\0\0\0\0\0\0\0"..., 48, 848) = 48
3291  pread64(3, "\4\0\0\0\24\0\0\0\3\0\0\0GNU\0\325\31p\226\367\t\200\30)\261\30\257\33|\366c"..., 68, 896) = 68
3291  newfstatat(3, "", {st_mode=S_IFREG|0755, st_size=2220400, ...}, AT_EMPTY_PATH) = 0
3291  pread64(3, "\6\0\0\0\4\0\0\0@\0\0\0\0\0\0\0@\0\0\0\0\0\0\0@\0\0\0\0\0\0\0"..., 784, 64) = 784
3291  mmap(NULL, 2264656, PROT_READ, MAP_PRIVATE|MAP_DENYWRITE, 3, 0) = 0x74b6c6c4a000
3291  mprotect(0x74b6c6c72000, 2023424, PROT_NONE) = 0
3291  mmap(0x74b6c6c72000, 1658880, PROT_READ|PROT_EXEC, MAP_PRIVATE|MAP_FIXED|MAP_DENYWRITE, 3, 0x28000) = 0x74b6c6c72000
3291  mmap(0x74b6c6e07000, 360448, PROT_READ, MAP_PRIVATE|MAP_FIXED|MAP_DENYWRITE, 3, 0x1bd000) = 0x74b6c6e07000
3291  mmap(0x74b6c6e60000, 24576, PROT_READ|PROT_WRITE, MAP_PRIVATE|MAP_FIXED|MAP_DENYWRITE, 3, 0x215000) = 0x74b6c6e60000
3291  mmap(0x74b6c6e66000, 52816, PROT_READ|PROT_WRITE, MAP_PRIVATE|MAP_FIXED|MAP_ANONYMOUS, -1, 0) = 0x74b6c6e66000
3291  close(3)                          = 0
3291  mmap(NULL, 12288, PROT_READ|PROT_WRITE, MAP_PRIVATE|MAP_ANONYMOUS, -1, 0) = 0x74b6c6c47000
3291  arch_prctl(ARCH_SET_FS, 0x74b6c6c47740) = 0
3291  set_tid_address(0x74b6c6c47a10)   = 3291
3291  set_robust_list(0x74b6c6c47a20, 24) = 0
3291  rseq(0x74b6c6c480e0, 0x20, 0, 0x53053053) = 0
3291  mprotect(0x74b6c6e60000, 16384, PROT_READ) = 0
3291  mprotect(0x608e6e40b000, 4096, PROT_READ) = 0
3291  mprotect(0x74b6c6eb5000, 8192, PROT_READ) = 0
3291  prlimit64(0, RLIMIT_STACK, NULL, {rlim_cur=8192*1024, rlim_max=RLIM64_INFINITY}) = 0
3291  munmap(0x74b6c6e73000, 29392)     = 0
3291  execve("./fact", ["fact", "6", "5040"], 0x7ffd4cffccd8 /* 18 vars */) = 0
3291  brk(NULL)                         = 0x5d7eaec4d000
3291  arch_prctl(0x3001 /* ARCH_??? */, 0x7ffea456b9b0) = -1 EINVAL (Invalid argument)
3291  mmap(NULL, 8192, PROT_READ|PROT_WRITE, MAP_PRIVATE|MAP_ANONYMOUS, -1, 0) = 0x7202e27e0000
3291  access("/etc/ld.so.preload", R_OK) = -1 ENOENT (No such file or directory)
3291  openat(AT_FDCWD, "/etc/ld.so.cache", O_RDONLY|O_CLOEXEC) = 3
3291  newfstatat(3, "", {st_mode=S_IFREG|0644, st_size=29392, ...}, AT_EMPTY_PATH) = 0
3291  mmap(NULL, 29392, PROT_READ, MAP_PRIVATE, 3, 0) = 0x7202e27d8000
3291  close(3)                          = 0
3291  openat(AT_FDCWD, "/lib/x86_64-linux-gnu/libc.so.6", O_RDONLY|O_CLOEXEC) = 3
3291  read(3, "\177ELF\2\1\1\3\0\0\0\0\0\0\0\0\3\0>\0\1\0\0\0P\237\2\0\0\0\0\0"..., 832) = 832
3291  pread64(3, "\6\0\0\0\4\0\0\0@\0\0\0\0\0\0\0@\0\0\0\0\0\0\0@\0\0\0\0\0\0\0"..., 784, 64) = 784
3291  pread64(3, "\4\0\0\0 \0\0\0\5\0\0\0GNU\0\2\0\0\300\4\0\0\0\3\0\0\0\0\0\0\0"..., 48, 848) = 48
3291  pread64(3, "\4\0\0\0\24\0\0\0\3\0\0\0GNU\0\325\31p\226\367\t\200\30)\261\30\257\33|\366c"..., 68, 896) = 68
3291  newfstatat(3, "", {st_mode=S_IFREG|0755, st_size=2220400, ...}, AT_EMPTY_PATH) = 0
3291  pread64(3, "\6\0\0\0\4\0\0\0@\0\0\0\0\0\0\0@\0\0\0\0\0\0\0@\0\0\0\0\0\0\0"..., 784, 64) = 784
3291  mmap(NULL, 2264656, PROT_READ, MAP_PRIVATE|MAP_DENYWRITE, 3, 0) = 0x7202e25af000
3291  mprotect(0x7202e25d7000, 2023424, PROT_NONE) = 0
3291  mmap(0x7202e25d7000, 1658880, PROT_READ|PROT_EXEC, MAP_PRIVATE|MAP_FIXED|MAP_DENYWRITE, 3, 0x28000) = 0x7202e25d7000
3291  mmap(0x7202e276c000, 360448, PROT_READ, MAP_PRIVATE|MAP_FIXED|MAP_DENYWRITE, 3, 0x1bd000) = 0x7202e276c000
3291  mmap(0x7202e27c5000, 24576, PROT_READ|PROT_WRITE, MAP_PRIVATE|MAP_FIXED|MAP_DENYWRITE, 3, 0x215000) = 0x7202e27c5000
3291  mmap(0x7202e27cb000, 52816, PROT_READ|PROT_WRITE, MAP_PRIVATE|MAP_FIXED|MAP_ANONYMOUS, -1, 0) = 0x7202e27cb000
3291  close(3)                          = 0
3291  mmap(NULL, 12288, PROT_READ|PROT_WRITE, MAP_PRIVATE|MAP_ANONYMOUS, -1, 0) = 0x7202e25ac000
3291  arch_prctl(ARCH_SET_FS, 0x7202e25ac740) = 0
3291  set_tid_address(0x7202e25aca10)   = 3291
3291  set_robust_list(0x7202e25aca20, 24) = 0
3291  rseq(0x7202e25ad0e0, 0x20, 0, 0x53053053) = 0
3291  mprotect(0x7202e27c5000, 16384, PROT_READ) = 0
3291  mprotect(0x5d7e7dfae000, 4096, PROT_READ) = 0
3291  mprotect(0x7202e281a000, 8192, PROT_READ) = 0
3291  prlimit64(0, RLIMIT_STACK, NULL, {rlim_cur=8192*1024, rlim_max=RLIM64_INFINITY}) = 0
3291  munmap(0x7202e27d8000, 29392)     = 0
3291  execve("./fact", ["fact", "5", "30240"], 0x7ffea456bb98 /* 18 vars */) = 0
3291  brk(NULL)                         = 0x5686cb3fb000
3291  arch_prctl(0x3001 /* ARCH_??? */, 0x7ffe38294280) = -1 EINVAL (Invalid argument)
3291  mmap(NULL, 8192, PROT_READ|PROT_WRITE, MAP_PRIVATE|MAP_ANONYMOUS, -1, 0) = 0x721cdacee000
3291  access("/etc/ld.so.preload", R_OK) = -1 ENOENT (No such file or directory)
3291  openat(AT_FDCWD, "/etc/ld.so.cache", O_RDONLY|O_CLOEXEC) = 3
3291  newfstatat(3, "", {st_mode=S_IFREG|0644, st_size=29392, ...}, AT_EMPTY_PATH) = 0
3291  mmap(NULL, 29392, PROT_READ, MAP_PRIVATE, 3, 0) = 0x721cdace6000
3291  close(3)                          = 0
3291  openat(AT_FDCWD, "/lib/x86_64-linux-gnu/libc.so.6", O_RDONLY|O_CLOEXEC) = 3
3291  read(3, "\177ELF\2\1\1\3\0\0\0\0\0\0\0\0\3\0>\0\1\0\0\0P\237\2\0\0\0\0\0"..., 832) = 832
3291  pread64(3, "\6\0\0\0\4\0\0\0@\0\0\0\0\0\0\0@\0\0\0\0\0\0\0@\0\0\0\0\0\0\0"..., 784, 64) = 784
3291  pread64(3, "\4\0\0\0 \0\0\0\5\0\0\0GNU\0\2\0\0\300\4\0\0\0\3\0\0\0\0\0\0\0"..., 48, 848) = 48
3291  pread64(3, "\4\0\0\0\24\0\0\0\3\0\0\0GNU\0\325\31p\226\367\t\200\30)\261\30\257\33|\366c"..., 68, 896) = 68
3291  newfstatat(3, "", {st_mode=S_IFREG|0755, st_size=2220400, ...}, AT_EMPTY_PATH) = 0
3291  pread64(3, "\6\0\0\0\4\0\0\0@\0\0\0\0\0\0\0@\0\0\0\0\0\0\0@\0\0\0\0\0\0\0"..., 784, 64) = 784
3291  mmap(NULL, 2264656, PROT_READ, MAP_PRIVATE|MAP_DENYWRITE, 3, 0) = 0x721cdaabd000
3291  mprotect(0x721cdaae5000, 2023424, PROT_NONE) = 0
3291  mmap(0x721cdaae5000, 1658880, PROT_READ|PROT_EXEC, MAP_PRIVATE|MAP_FIXED|MAP_DENYWRITE, 3, 0x28000) = 0x721cdaae5000
3291  mmap(0x721cdac7a000, 360448, PROT_READ, MAP_PRIVATE|MAP_FIXED|MAP_DENYWRITE, 3, 0x1bd000) = 0x721cdac7a000
3291  mmap(0x721cdacd3000, 24576, PROT_READ|PROT_WRITE, MAP_PRIVATE|MAP_FIXED|MAP_DENYWRITE, 3, 0x215000) = 0x721cdacd3000
3291  mmap(0x721cdacd9000, 52816, PROT_READ|PROT_WRITE, MAP_PRIVATE|MAP_FIXED|MAP_ANONYMOUS, -1, 0) = 0x721cdacd9000
3291  close(3)                          = 0
3291  mmap(NULL, 12288, PROT_READ|PROT_WRITE, MAP_PRIVATE|MAP_ANONYMOUS, -1, 0) = 0x721cdaaba000
3291  arch_prctl(ARCH_SET_FS, 0x721cdaaba740) = 0
3291  set_tid_address(0x721cdaabaa10)   = 3291
3291  set_robust_list(0x721cdaabaa20, 24) = 0
3291  rseq(0x721cdaabb0e0, 0x20, 0, 0x53053053) = 0
3291  mprotect(0x721cdacd3000, 16384, PROT_READ) = 0
3291  mprotect(0x5686ca625000, 4096, PROT_READ) = 0
3291  mprotect(0x721cdad28000, 8192, PROT_READ) = 0
3291  prlimit64(0, RLIMIT_STACK, NULL, {rlim_cur=8192*1024, rlim_max=RLIM64_INFINITY}) = 0
3291  munmap(0x721cdace6000, 29392)     = 0
3291  execve("./fact", ["fact", "4", "151200"], 0x7ffe38294468 /* 18 vars */) = 0
3291  brk(NULL)                         = 0x62ce8a4a2000
3291  arch_prctl(0x3001 /* ARCH_??? */, 0x7ffe644447a0) = -1 EINVAL (Invalid argument)
3291  mmap(NULL, 8192, PROT_READ|PROT_WRITE, MAP_PRIVATE|MAP_ANONYMOUS, -1, 0) = 0x7932b6d81000
3291  access("/etc/ld.so.preload", R_OK) = -1 ENOENT (No such file or directory)
3291  openat(AT_FDCWD, "/etc/ld.so.cache", O_RDONLY|O_CLOEXEC) = 3
3291  newfstatat(3, "", {st_mode=S_IFREG|0644, st_size=29392, ...}, AT_EMPTY_PATH) = 0
3291  mmap(NULL, 29392, PROT_READ, MAP_PRIVATE, 3, 0) = 0x7932b6d79000
3291  close(3)                          = 0
3291  openat(AT_FDCWD, "/lib/x86_64-linux-gnu/libc.so.6", O_RDONLY|O_CLOEXEC) = 3
3291  read(3, "\177ELF\2\1\1\3\0\0\0\0\0\0\0\0\3\0>\0\1\0\0\0P\237\2\0\0\0\0\0"..., 832) = 832
3291  pread64(3, "\6\0\0\0\4\0\0\0@\0\0\0\0\0\0\0@\0\0\0\0\0\0\0@\0\0\0\0\0\0\0"..., 784, 64) = 784
3291  pread64(3, "\4\0\0\0 \0\0\0\5\0\0\0GNU\0\2\0\0\300\4\0\0\0\3\0\0\0\0\0\0\0"..., 48, 848) = 48
3291  pread64(3, "\4\0\0\0\24\0\0\0\3\0\0\0GNU\0\325\31p\226\367\t\200\30)\261\30\257\33|\366c"..., 68, 896) = 68
3291  newfstatat(3, "", {st_mode=S_IFREG|0755, st_size=2220400, ...}, AT_EMPTY_PATH) = 0
3291  pread64(3, "\6\0\0\0\4\0\0\0@\0\0\0\0\0\0\0@\0\0\0\0\0\0\0@\0\0\0\0\0\0\0"..., 784, 64) = 784
3291  mmap(NULL, 2264656, PROT_READ, MAP_PRIVATE|MAP_DENYWRITE, 3, 0) = 0x7932b6b50000
3291  mprotect(0x7932b6b78000, 2023424, PROT_NONE) = 0
3291  mmap(0x7932b6b78000, 1658880, PROT_READ|PROT_EXEC, MAP_PRIVATE|MAP_FIXED|MAP_DENYWRITE, 3, 0x28000) = 0x7932b6b78000
3291  mmap(0x7932b6d0d000, 360448, PROT_READ, MAP_PRIVATE|MAP_FIXED|MAP_DENYWRITE, 3, 0x1bd000) = 0x7932b6d0d000
3291  mmap(0x7932b6d66000, 24576, PROT_READ|PROT_WRITE, MAP_PRIVATE|MAP_FIXED|MAP_DENYWRITE, 3, 0x215000) = 0x7932b6d66000
3291  mmap(0x7932b6d6c000, 52816, PROT_READ|PROT_WRITE, MAP_PRIVATE|MAP_FIXED|MAP_ANONYMOUS, -1, 0) = 0x7932b6d6c000
3291  close(3)                          = 0
3291  mmap(NULL, 12288, PROT_READ|PROT_WRITE, MAP_PRIVATE|MAP_ANONYMOUS, -1, 0) = 0x7932b6b4d000
3291  arch_prctl(ARCH_SET_FS, 0x7932b6b4d740) = 0
3291  set_tid_address(0x7932b6b4da10)   = 3291
3291  set_robust_list(0x7932b6b4da20, 24) = 0
3291  rseq(0x7932b6b4e0e0, 0x20, 0, 0x53053053) = 0
3291  mprotect(0x7932b6d66000, 16384, PROT_READ) = 0
3291  mprotect(0x62ce7b03a000, 4096, PROT_READ) = 0
3291  mprotect(0x7932b6dbb000, 8192, PROT_READ) = 0
3291  prlimit64(0, RLIMIT_STACK, NULL, {rlim_cur=8192*1024, rlim_max=RLIM64_INFINITY}) = 0
3291  munmap(0x7932b6d79000, 29392)     = 0
3291  execve("./fact", ["fact", "3", "604800"], 0x7ffe64444988 /* 18 vars */) = 0
3291  brk(NULL)                         = 0x61d735ed4000
3291  arch_prctl(0x3001 /* ARCH_??? */, 0x7ffefdff59b0) = -1 EINVAL (Invalid argument)
3291  mmap(NULL, 8192, PROT_READ|PROT_WRITE, MAP_PRIVATE|MAP_ANONYMOUS, -1, 0) = 0x72b482254000
3291  access("/etc/ld.so.preload", R_OK) = -1 ENOENT (No such file or directory)
3291  openat(AT_FDCWD, "/etc/ld.so.cache", O_RDONLY|O_CLOEXEC) = 3
3291  newfstatat(3, "", {st_mode=S_IFREG|0644, st_size=29392, ...}, AT_EMPTY_PATH) = 0
3291  mmap(NULL, 29392, PROT_READ, MAP_PRIVATE, 3, 0) = 0x72b48224c000
3291  close(3)                          = 0
3291  openat(AT_FDCWD, "/lib/x86_64-linux-gnu/libc.so.6", O_RDONLY|O_CLOEXEC) = 3
3291  read(3, "\177ELF\2\1\1\3\0\0\0\0\0\0\0\0\3\0>\0\1\0\0\0P\237\2\0\0\0\0\0"..., 832) = 832
3291  pread64(3, "\6\0\0\0\4\0\0\0@\0\0\0\0\0\0\0@\0\0\0\0\0\0\0@\0\0\0\0\0\0\0"..., 784, 64) = 784
3291  pread64(3, "\4\0\0\0 \0\0\0\5\0\0\0GNU\0\2\0\0\300\4\0\0\0\3\0\0\0\0\0\0\0"..., 48, 848) = 48
3291  pread64(3, "\4\0\0\0\24\0\0\0\3\0\0\0GNU\0\325\31p\226\367\t\200\30)\261\30\257\33|\366c"..., 68, 896) = 68
3291  newfstatat(3, "", {st_mode=S_IFREG|0755, st_size=2220400, ...}, AT_EMPTY_PATH) = 0
3291  pread64(3, "\6\0\0\0\4\0\0\0@\0\0\0\0\0\0\0@\0\0\0\0\0\0\0@\0\0\0\0\0\0\0"..., 784, 64) = 784
3291  mmap(NULL, 2264656, PROT_READ, MAP_PRIVATE|MAP_DENYWRITE, 3, 0) = 0x72b482023000
3291  mprotect(0x72b48204b000, 2023424, PROT_NONE) = 0
3291  mmap(0x72b48204b000, 1658880, PROT_READ|PROT_EXEC, MAP_PRIVATE|MAP_FIXED|MAP_DENYWRITE, 3, 0x28000) = 0x72b48204b000
3291  mmap(0x72b4821e0000, 360448, PROT_READ, MAP_PRIVATE|MAP_FIXED|MAP_DENYWRITE, 3, 0x1bd000) = 0x72b4821e0000
3291  mmap(0x72b482239000, 24576, PROT_READ|PROT_WRITE, MAP_PRIVATE|MAP_FIXED|MAP_DENYWRITE, 3, 0x215000) = 0x72b482239000
3291  mmap(0x72b48223f000, 52816, PROT_READ|PROT_WRITE, MAP_PRIVATE|MAP_FIXED|MAP_ANONYMOUS, -1, 0) = 0x72b48223f000
3291  close(3)                          = 0
3291  mmap(NULL, 12288, PROT_READ|PROT_WRITE, MAP_PRIVATE|MAP_ANONYMOUS, -1, 0) = 0x72b482020000
3291  arch_prctl(ARCH_SET_FS, 0x72b482020740) = 0
3291  set_tid_address(0x72b482020a10)   = 3291
3291  set_robust_list(0x72b482020a20, 24) = 0
3291  rseq(0x72b4820210e0, 0x20, 0, 0x53053053) = 0
3291  mprotect(0x72b482239000, 16384, PROT_READ) = 0
3291  mprotect(0x61d72a4d3000, 4096, PROT_READ) = 0
3291  mprotect(0x72b48228e000, 8192, PROT_READ) = 0
3291  prlimit64(0, RLIMIT_STACK, NULL, {rlim_cur=8192*1024, rlim_max=RLIM64_INFINITY}) = 0
3291  munmap(0x72b48224c000, 29392)     = 0
3291  execve("./fact", ["fact", "2", "1814400"], 0x7ffefdff5b98 /* 18 vars */) = 0
3291  brk(NULL)                         = 0x634f5cd86000
3291  arch_prctl(0x3001 /* ARCH_??? */, 0x7ffe735cbe20) = -1 EINVAL (Invalid argument)
3291  mmap(NULL, 8192, PROT_READ|PROT_WRITE, MAP_PRIVATE|MAP_ANONYMOUS, -1, 0) = 0x745605740000
3291  access("/etc/ld.so.preload", R_OK) = -1 ENOENT (No such file or directory)
3291  openat(AT_FDCWD, "/etc/ld.so.cache", O_RDONLY|O_CLOEXEC) = 3
3291  newfstatat(3, "", {st_mode=S_IFREG|0644, st_size=29392, ...}, AT_EMPTY_PATH) = 0
3291  mmap(NULL, 29392, PROT_READ, MAP_PRIVATE, 3, 0) = 0x745605738000
3291  close(3)                          = 0
3291  openat(AT_FDCWD, "/lib/x86_64-linux-gnu/libc.so.6", O_RDONLY|O_CLOEXEC) = 3
3291  read(3, "\177ELF\2\1\1\3\0\0\0\0\0\0\0\0\3\0>\0\1\0\0\0P\237\2\0\0\0\0\0"..., 832) = 832
3291  pread64(3, "\6\0\0\0\4\0\0\0@\0\0\0\0\0\0\0@\0\0\0\0\0\0\0@\0\0\0\0\0\0\0"..., 784, 64) = 784
3291  pread64(3, "\4\0\0\0 \0\0\0\5\0\0\0GNU\0\2\0\0\300\4\0\0\0\3\0\0\0\0\0\0\0"..., 48, 848) = 48
3291  pread64(3, "\4\0\0\0\24\0\0\0\3\0\0\0GNU\0\325\31p\226\367\t\200\30)\261\30\257\33|\366c"..., 68, 896) = 68
3291  newfstatat(3, "", {st_mode=S_IFREG|0755, st_size=2220400, ...}, AT_EMPTY_PATH) = 0
3291  pread64(3, "\6\0\0\0\4\0\0\0@\0\0\0\0\0\0\0@\0\0\0\0\0\0\0@\0\0\0\0\0\0\0"..., 784, 64) = 784
3291  mmap(NULL, 2264656, PROT_READ, MAP_PRIVATE|MAP_DENYWRITE, 3, 0) = 0x74560550f000
3291  mprotect(0x745605537000, 2023424, PROT_NONE) = 0
3291  mmap(0x745605537000, 1658880, PROT_READ|PROT_EXEC, MAP_PRIVATE|MAP_FIXED|MAP_DENYWRITE, 3, 0x28000) = 0x745605537000
3291  mmap(0x7456056cc000, 360448, PROT_READ, MAP_PRIVATE|MAP_FIXED|MAP_DENYWRITE, 3, 0x1bd000) = 0x7456056cc000
3291  mmap(0x745605725000, 24576, PROT_READ|PROT_WRITE, MAP_PRIVATE|MAP_FIXED|MAP_DENYWRITE, 3, 0x215000) = 0x745605725000
3291  mmap(0x74560572b000, 52816, PROT_READ|PROT_WRITE, MAP_PRIVATE|MAP_FIXED|MAP_ANONYMOUS, -1, 0) = 0x74560572b000
3291  close(3)                          = 0
3291  mmap(NULL, 12288, PROT_READ|PROT_WRITE, MAP_PRIVATE|MAP_ANONYMOUS, -1, 0) = 0x74560550c000
3291  arch_prctl(ARCH_SET_FS, 0x74560550c740) = 0
3291  set_tid_address(0x74560550ca10)   = 3291
3291  set_robust_list(0x74560550ca20, 24) = 0
3291  rseq(0x74560550d0e0, 0x20, 0, 0x53053053) = 0
3291  mprotect(0x745605725000, 16384, PROT_READ) = 0
3291  mprotect(0x634f1dddc000, 4096, PROT_READ) = 0
3291  mprotect(0x74560577a000, 8192, PROT_READ) = 0
3291  prlimit64(0, RLIMIT_STACK, NULL, {rlim_cur=8192*1024, rlim_max=RLIM64_INFINITY}) = 0
3291  munmap(0x745605738000, 29392)     = 0
3291  execve("./fact", ["fact", "1", "3628800"], 0x7ffe735cc008 /* 18 vars */) = 0
3291  brk(NULL)                         = 0x59e3ecea2000
3291  arch_prctl(0x3001 /* ARCH_??? */, 0x7ffe670c2e00) = -1 EINVAL (Invalid argument)
3291  mmap(NULL, 8192, PROT_READ|PROT_WRITE, MAP_PRIVATE|MAP_ANONYMOUS, -1, 0) = 0x7ea452c79000
3291  access("/etc/ld.so.preload", R_OK) = -1 ENOENT (No such file or directory)
3291  openat(AT_FDCWD, "/etc/ld.so.cache", O_RDONLY|O_CLOEXEC) = 3
3291  newfstatat(3, "", {st_mode=S_IFREG|0644, st_size=29392, ...}, AT_EMPTY_PATH) = 0
3291  mmap(NULL, 29392, PROT_READ, MAP_PRIVATE, 3, 0) = 0x7ea452c71000
3291  close(3)                          = 0
3291  openat(AT_FDCWD, "/lib/x86_64-linux-gnu/libc.so.6", O_RDONLY|O_CLOEXEC) = 3
3291  read(3, "\177ELF\2\1\1\3\0\0\0\0\0\0\0\0\3\0>\0\1\0\0\0P\237\2\0\0\0\0\0"..., 832) = 832
3291  pread64(3, "\6\0\0\0\4\0\0\0@\0\0\0\0\0\0\0@\0\0\0\0\0\0\0@\0\0\0\0\0\0\0"..., 784, 64) = 784
3291  pread64(3, "\4\0\0\0 \0\0\0\5\0\0\0GNU\0\2\0\0\300\4\0\0\0\3\0\0\0\0\0\0\0"..., 48, 848) = 48
3291  pread64(3, "\4\0\0\0\24\0\0\0\3\0\0\0GNU\0\325\31p\226\367\t\200\30)\261\30\257\33|\366c"..., 68, 896) = 68
3291  newfstatat(3, "", {st_mode=S_IFREG|0755, st_size=2220400, ...}, AT_EMPTY_PATH) = 0
3291  pread64(3, "\6\0\0\0\4\0\0\0@\0\0\0\0\0\0\0@\0\0\0\0\0\0\0@\0\0\0\0\0\0\0"..., 784, 64) = 784
3291  mmap(NULL, 2264656, PROT_READ, MAP_PRIVATE|MAP_DENYWRITE, 3, 0) = 0x7ea452a48000
3291  mprotect(0x7ea452a70000, 2023424, PROT_NONE) = 0
3291  mmap(0x7ea452a70000, 1658880, PROT_READ|PROT_EXEC, MAP_PRIVATE|MAP_FIXED|MAP_DENYWRITE, 3, 0x28000) = 0x7ea452a70000
3291  mmap(0x7ea452c05000, 360448, PROT_READ, MAP_PRIVATE|MAP_FIXED|MAP_DENYWRITE, 3, 0x1bd000) = 0x7ea452c05000
3291  mmap(0x7ea452c5e000, 24576, PROT_READ|PROT_WRITE, MAP_PRIVATE|MAP_FIXED|MAP_DENYWRITE, 3, 0x215000) = 0x7ea452c5e000
3291  mmap(0x7ea452c64000, 52816, PROT_READ|PROT_WRITE, MAP_PRIVATE|MAP_FIXED|MAP_ANONYMOUS, -1, 0) = 0x7ea452c64000
3291  close(3)                          = 0
3291  mmap(NULL, 12288, PROT_READ|PROT_WRITE, MAP_PRIVATE|MAP_ANONYMOUS, -1, 0) = 0x7ea452a45000
3291  arch_prctl(ARCH_SET_FS, 0x7ea452a45740) = 0
3291  set_tid_address(0x7ea452a45a10)   = 3291
3291  set_robust_list(0x7ea452a45a20, 24) = 0
3291  rseq(0x7ea452a460e0, 0x20, 0, 0x53053053) = 0
3291  mprotect(0x7ea452c5e000, 16384, PROT_READ) = 0
3291  mprotect(0x59e3b92e6000, 4096, PROT_READ) = 0
3291  mprotect(0x7ea452cb3000, 8192, PROT_READ) = 0
3291  prlimit64(0, RLIMIT_STACK, NULL, {rlim_cur=8192*1024, rlim_max=RLIM64_INFINITY}) = 0
3291  munmap(0x7ea452c71000, 29392)     = 0
3291  newfstatat(1, "", {st_mode=S_IFIFO|0600, st_size=0, ...}, AT_EMPTY_PATH) = 0
3291  getrandom("\xe3\x46\x0f\xc6\x69\x51\xf5\x5e", 8, GRND_NONBLOCK) = 8
3291  brk(NULL)                         = 0x59e3ecea2000
3291  brk(0x59e3ecec3000)               = 0x59e3ecec3000
3291  write(1, "3628800", 7)            = 7
3291  exit_group(1)                     = ?
3291  +++ exited with 1 +++
