3382  execve("./encdrv", ["./encdrv", "testcases/testcase.3", "output/output.3"], 0x7ffe0d833588 /* 18 vars */) = 0
3382  brk(NULL)                         = 0x57bd29de7000
3382  arch_prctl(0x3001 /* ARCH_??? */, 0x7ffca9949890) = -1 EINVAL (Invalid argument)
3382  mmap(NULL, 8192, PROT_READ|PROT_WRITE, MAP_PRIVATE|MAP_ANONYMOUS, -1, 0) = 0x7b4a5334a000
3382  access("/etc/ld.so.preload", R_OK) = -1 ENOENT (No such file or directory)
3382  openat(AT_FDCWD, "/etc/ld.so.cache", O_RDONLY|O_CLOEXEC) = 3
3382  newfstatat(3, "", {st_mode=S_IFREG|0644, st_size=29392, ...}, AT_EMPTY_PATH) = 0
3382  mmap(NULL, 29392, PROT_READ, MAP_PRIVATE, 3, 0) = 0x7b4a53342000
3382  close(3)                          = 0
3382  openat(AT_FDCWD, "/lib/x86_64-linux-gnu/libc.so.6", O_RDONLY|O_CLOEXEC) = 3
3382  read(3, "\177ELF\2\1\1\3\0\0\0\0\0\0\0\0\3\0>\0\1\0\0\0P\237\2\0\0\0\0\0"..., 832) = 832
3382  pread64(3, "\6\0\0\0\4\0\0\0@\0\0\0\0\0\0\0@\0\0\0\0\0\0\0@\0\0\0\0\0\0\0"..., 784, 64) = 784
3382  pread64(3, "\4\0\0\0 \0\0\0\5\0\0\0GNU\0\2\0\0\300\4\0\0\0\3\0\0\0\0\0\0\0"..., 48, 848) = 48
3382  pread64(3, "\4\0\0\0\24\0\0\0\3\0\0\0GNU\0\325\31p\226\367\t\200\30)\261\30\257\33|\366c"..., 68, 896) = 68
3382  newfstatat(3, "", {st_mode=S_IFREG|0755, st_size=2220400, ...}, AT_EMPTY_PATH) = 0
3382  pread64(3, "\6\0\0\0\4\0\0\0@\0\0\0\0\0\0\0@\0\0\0\0\0\0\0@\0\0\0\0\0\0\0"..., 784, 64) = 784
3382  mmap(NULL, 2264656, PROT_READ, MAP_PRIVATE|MAP_DENYWRITE, 3, 0) = 0x7b4a53119000
3382  mprotect(0x7b4a53141000, 2023424, PROT_NONE) = 0
3382  mmap(0x7b4a53141000, 1658880, PROT_READ|PROT_EXEC, MAP_PRIVATE|MAP_FIXED|MAP_DENYWRITE, 3, 0x28000) = 0x7b4a53141000
3382  mmap(0x7b4a532d6000, 360448, PROT_READ, MAP_PRIVATE|MAP_FIXED|MAP_DENYWRITE, 3, 0x1bd000) = 0x7b4a532d6000
3382  mmap(0x7b4a5332f000, 24576, PROT_READ|PROT_WRITE, MAP_PRIVATE|MAP_FIXED|MAP_DENYWRITE, 3, 0x215000) = 0x7b4a5332f000
3382  mmap(0x7b4a53335000, 52816, PROT_READ|PROT_WRITE, MAP_PRIVATE|MAP_FIXED|MAP_ANONYMOUS, -1, 0) = 0x7b4a53335000
3382  close(3)                          = 0
3382  mmap(NULL, 12288, PROT_READ|PROT_WRITE, MAP_PRIVATE|MAP_ANONYMOUS, -1, 0) = 0x7b4a53116000
3382  arch_prctl(ARCH_SET_FS, 0x7b4a53116740) = 0
3382  set_tid_address(0x7b4a53116a10)   = 3382
3382  set_robust_list(0x7b4a53116a20, 24) = 0
3382  rseq(0x7b4a531170e0, 0x20, 0, 0x53053053) = 0
3382  mprotect(0x7b4a5332f000, 16384, PROT_READ) = 0
3382  mprotect(0x57bcffb9a000, 4096, PROT_READ) = 0
3382  mprotect(0x7b4a53384000, 8192, PROT_READ) = 0
3382  prlimit64(0, RLIMIT_STACK, NULL, {rlim_cur=8192*1024, rlim_max=RLIM64_INFINITY}) = 0
3382  munmap(0x7b4a53342000, 29392)     = 0
3382  exit_group(0)                     = ?
3382  +++ exited with 0 +++
