3389  execve("./encdrv", ["./encdrv", "testcases/testcase.4", "output/output.4"], 0x7fff511e0ee8 /* 18 vars */) = 0
3389  brk(NULL)                         = 0x5e2eb8117000
3389  arch_prctl(0x3001 /* ARCH_??? */, 0x7ffc5bfde3f0) = -1 EINVAL (Invalid argument)
3389  mmap(NULL, 8192, PROT_READ|PROT_WRITE, MAP_PRIVATE|MAP_ANONYMOUS, -1, 0) = 0x75ada5d0a000
3389  access("/etc/ld.so.preload", R_OK) = -1 ENOENT (No such file or directory)
3389  openat(AT_FDCWD, "/etc/ld.so.cache", O_RDONLY|O_CLOEXEC) = 3
3389  newfstatat(3, "", {st_mode=S_IFREG|0644, st_size=29392, ...}, AT_EMPTY_PATH) = 0
3389  mmap(NULL, 29392, PROT_READ, MAP_PRIVATE, 3, 0) = 0x75ada5d02000
3389  close(3)                          = 0
3389  openat(AT_FDCWD, "/lib/x86_64-linux-gnu/libc.so.6", O_RDONLY|O_CLOEXEC) = 3
3389  read(3, "\177ELF\2\1\1\3\0\0\0\0\0\0\0\0\3\0>\0\1\0\0\0P\237\2\0\0\0\0\0"..., 832) = 832
3389  pread64(3, "\6\0\0\0\4\0\0\0@\0\0\0\0\0\0\0@\0\0\0\0\0\0\0@\0\0\0\0\0\0\0"..., 784, 64) = 784
3389  pread64(3, "\4\0\0\0 \0\0\0\5\0\0\0GNU\0\2\0\0\300\4\0\0\0\3\0\0\0\0\0\0\0"..., 48, 848) = 48
3389  pread64(3, "\4\0\0\0\24\0\0\0\3\0\0\0GNU\0\325\31p\226\367\t\200\30)\261\30\257\33|\366c"..., 68, 896) = 68
3389  newfstatat(3, "", {st_mode=S_IFREG|0755, st_size=2220400, ...}, AT_EMPTY_PATH) = 0
3389  pread64(3, "\6\0\0\0\4\0\0\0@\0\0\0\0\0\0\0@\0\0\0\0\0\0\0@\0\0\0\0\0\0\0"..., 784, 64) = 784
3389  mmap(NULL, 2264656, PROT_READ, MAP_PRIVATE|MAP_DENYWRITE, 3, 0) = 0x75ada5ad9000
3389  mprotect(0x75ada5b01000, 2023424, PROT_NONE) = 0
3389  mmap(0x75ada5b01000, 1658880, PROT_READ|PROT_EXEC, MAP_PRIVATE|MAP_FIXED|MAP_DENYWRITE, 3, 0x28000) = 0x75ada5b01000
3389  mmap(0x75ada5c96000, 360448, PROT_READ, MAP_PRIVATE|MAP_FIXED|MAP_DENYWRITE, 3, 0x1bd000) = 0x75ada5c96000
3389  mmap(0x75ada5cef000, 24576, PROT_READ|PROT_WRITE, MAP_PRIVATE|MAP_FIXED|MAP_DENYWRITE, 3, 0x215000) = 0x75ada5cef000
3389  mmap(0x75ada5cf5000, 52816, PROT_READ|PROT_WRITE, MAP_PRIVATE|MAP_FIXED|MAP_ANONYMOUS, -1, 0) = 0x75ada5cf5000
3389  close(3)                          = 0
3389  mmap(NULL, 12288, PROT_READ|PROT_WRITE, MAP_PRIVATE|MAP_ANONYMOUS, -1, 0) = 0x75ada5ad6000
3389  arch_prctl(ARCH_SET_FS, 0x75ada5ad6740) = 0
3389  set_tid_address(0x75ada5ad6a10)   = 3389
3389  set_robust_list(0x75ada5ad6a20, 24) = 0
3389  rseq(0x75ada5ad70e0, 0x20, 0, 0x53053053) = 0
3389  mprotect(0x75ada5cef000, 16384, PROT_READ) = 0
3389  mprotect(0x5e2eafa2f000, 4096, PROT_READ) = 0
3389  mprotect(0x75ada5d44000, 8192, PROT_READ) = 0
3389  prlimit64(0, RLIMIT_STACK, NULL, {rlim_cur=8192*1024, rlim_max=RLIM64_INFINITY}) = 0
3389  munmap(0x75ada5d02000, 29392)     = 0
3389  exit_group(0)                     = ?
3389  +++ exited with 0 +++
