3396  execve("./encdrv", ["./encdrv", "testcases/testcase.5", "output/output.5"], 0x7ffe9fb06b98 /* 18 vars */) = 0
3396  brk(NULL)                         = 0x5b575943b000
3396  arch_prctl(0x3001 /* ARCH_??? */, 0x7ffca0acc190) = -1 EINVAL (Invalid argument)
3396  mmap(NULL, 8192, PROT_READ|PROT_WRITE, MAP_PRIVATE|MAP_ANONYMOUS, -1, 0) = 0x77ad27a05000
3396  access("/etc/ld.so.preload", R_OK) = -1 ENOENT (No such file or directory)
3396  openat(AT_FDCWD, "/etc/ld.so.cache", O_RDONLY|O_CLOEXEC) = 3
3396  newfstatat(3, "", {st_mode=S_IFREG|0644, st_size=29392, ...}, AT_EMPTY_PATH) = 0
3396  mmap(NULL, 29392, PROT_READ, MAP_PRIVATE, 3, 0) = 0x77ad279fd000
3396  close(3)                          = 0
3396  openat(AT_FDCWD, "/lib/x86_64-linux-gnu/libc.so.6", O_RDONLY|O_CLOEXEC) = 3
3396  read(3, "\177ELF\2\1\1\3\0\0\0\0\0\0\0\0\3\0>\0\1\0\0\0P\237\2\0\0\0\0\0"..., 832) = 832
3396  pread64(3, "\6\0\0\0\4\0\0\0@\0\0\0\0\0\0\0@\0\0\0\0\0\0\0@\0\0\0\0\0\0\0"..., 784, 64) = 784
3396  pread64(3, "\4\0\0\0 \0\0\0\5\0\0\0GNU\0\2\0\0\300\4\0\0\0\3\0\0\0\0\0\0\0"..., 48, 848) = 48
3396  pread64(3, "\4\0\0\0\24\0\0\0\3\0\0\0GNU\0\325\31p\226\367\t\200\30)\261\30\257\33|\366c"..., 68, 896) = 68
3396  newfstatat(3, "", {st_mode=S_IFREG|0755, st_size=2220400, ...}, AT_EMPTY_PATH) = 0
3396  pread64(3, "\6\0\0\0\4\0\0\0@\0\0\0\0\0\0\0@\0\0\0\0\0\0\0@\0\0\0\0\0\0\0"..., 784, 64) = 784
3396  mmap(NULL, 2264656, PROT_READ, MAP_PRIVATE|MAP_DENYWRITE, 3, 0) = 0x77ad277d4000
3396  mprotect(0x77ad277fc000, 2023424, PROT_NONE) = 0
3396  mmap(0x77ad277fc000, 1658880, PROT_READ|PROT_EXEC, MAP_PRIVATE|MAP_FIXED|MAP_DENYWRITE, 3, 0x28000) = 0x77ad277fc000
3396  mmap(0x77ad27991000, 360448, PROT_READ, MAP_PRIVATE|MAP_FIXED|MAP_DENYWRITE, 3, 0x1bd000) = 0x77ad27991000
3396  mmap(0x77ad279ea000, 24576, PROT_READ|PROT_WRITE, MAP_PRIVATE|MAP_FIXED|MAP_DENYWRITE, 3, 0x215000) = 0x77ad279ea000
3396  mmap(0x77ad279f0000, 52816, PROT_READ|PROT_WRITE, MAP_PRIVATE|MAP_FIXED|MAP_ANONYMOUS, -1, 0) = 0x77ad279f0000
3396  close(3)                          = 0
3396  mmap(NULL, 12288, PROT_READ|PROT_WRITE, MAP_PRIVATE|MAP_ANONYMOUS, -1, 0) = 0x77ad277d1000
3396  arch_prctl(ARCH_SET_FS, 0x77ad277d1740) = 0
3396  set_tid_address(0x77ad277d1a10)   = 3396
3396  set_robust_list(0x77ad277d1a20, 24) = 0
3396  rseq(0x77ad277d20e0, 0x20, 0, 0x53053053) = 0
3396  mprotect(0x77ad279ea000, 16384, PROT_READ) = 0
3396  mprotect(0x5b574a07b000, 4096, PROT_READ) = 0
3396  mprotect(0x77ad27a3f000, 8192, PROT_READ) = 0
3396  prlimit64(0, RLIMIT_STACK, NULL, {rlim_cur=8192*1024, rlim_max=RLIM64_INFINITY}) = 0
3396  munmap(0x77ad279fd000, 29392)     = 0
3396  exit_group(0)                     = ?
3396  +++ exited with 0 +++
