3167  execve("./pprime", ["./pprime", "500", "1"], 0x7ffe8820ae28 /* 18 vars */) = 0
3167  brk(NULL)                         = 0x562c7ebeb000
3167  arch_prctl(0x3001 /* ARCH_??? */, 0x7ffcef25f030) = -1 EINVAL (Invalid argument)
3167  mmap(NULL, 8192, PROT_READ|PROT_WRITE, MAP_PRIVATE|MAP_ANONYMOUS, -1, 0) = 0x7a6f4b523000
3167  access("/etc/ld.so.preload", R_OK) = -1 ENOENT (No such file or directory)
3167  openat(AT_FDCWD, "/etc/ld.so.cache", O_RDONLY|O_CLOEXEC) = 3
3167  newfstatat(3, "", {st_mode=S_IFREG|0644, st_size=29392, ...}, AT_EMPTY_PATH) = 0
3167  mmap(NULL, 29392, PROT_READ, MAP_PRIVATE, 3, 0) = 0x7a6f4b51b000
3167  close(3)                          = 0
3167  openat(AT_FDCWD, "/lib/x86_64-linux-gnu/libm.so.6", O_RDONLY|O_CLOEXEC) = 3
3167  read(3, "\177ELF\2\1\1\3\0\0\0\0\0\0\0\0\3\0>\0\1\0\0\0\0\0\0\0\0\0\0\0"..., 832) = 832
3167  newfstatat(3, "", {st_mode=S_IFREG|0644, st_size=940560, ...}, AT_EMPTY_PATH) = 0
3167  mmap(NULL, 942344, PROT_READ, MAP_PRIVATE|MAP_DENYWRITE, 3, 0) = 0x7a6f4b434000
3167  mmap(0x7a6f4b442000, 507904, PROT_READ|PROT_EXEC, MAP_PRIVATE|MAP_FIXED|MAP_DENYWRITE, 3, 0xe000) = 0x7a6f4b442000
3167  mmap(0x7a6f4b4be000, 372736, PROT_READ, MAP_PRIVATE|MAP_FIXED|MAP_DENYWRITE, 3, 0x8a000) = 0x7a6f4b4be000
3167  mmap(0x7a6f4b519000, 8192, PROT_READ|PROT_WRITE, MAP_PRIVATE|MAP_FIXED|MAP_DENYWRITE, 3, 0xe4000) = 0x7a6f4b519000
3167  close(3)                          = 0
3167  openat(AT_FDCWD, "/lib/x86_64-linux-gnu/libc.so.6", O_RDONLY|O_CLOEXEC) = 3
3167  read(3, "\177ELF\2\1\1\3\0\0\0\0\0\0\0\0\3\0>\0\1\0\0\0P\237\2\0\0\0\0\0"..., 832) = 832
3167  pread64(3, "\6\0\0\0\4\0\0\0@\0\0\0\0\0\0\0@\0\0\0\0\0\0\0@\0\0\0\0\0\0\0"..., 784, 64) = 784
3167  pread64(3, "\4\0\0\0 \0\0\0\5\0\0\0GNU\0\2\0\0\300\4\0\0\0\3\0\0\0\0\0\0\0"..., 48, 848) = 48
3167  pread64(3, "\4\0\0\0\24\0\0\0\3\0\0\0GNU\0\325\31p\226\367\t\200\30)\261\30\257\33|\366c"..., 68, 896) = 68
3167  newfstatat(3, "", {st_mode=S_IFREG|0755, st_size=2220400, ...}, AT_EMPTY_PATH) = 0
3167  pread64(3, "\6\0\0\0\4\0\0\0@\0\0\0\0\0\0\0@\0\0\0\0\0\0\0@\0\0\0\0\0\0\0"..., 784, 64) = 784
3167  mmap(NULL, 2264656, PROT_READ, MAP_PRIVATE|MAP_DENYWRITE, 3, 0) = 0x7a6f4b20b000
3167  mprotect(0x7a6f4b233000, 2023424, PROT_NONE) = 0
3167  mmap(0x7a6f4b233000, 1658880, PROT_READ|PROT_EXEC, MAP_PRIVATE|MAP_FIXED|MAP_DENYWRITE, 3, 0x28000) = 0x7a6f4b233000
3167  mmap(0x7a6f4b3c8000, 360448, PROT_READ, MAP_PRIVATE|MAP_FIXED|MAP_DENYWRITE, 3, 0x1bd000) = 0x7a6f4b3c8000
3167  mmap(0x7a6f4b421000, 24576, PROT_READ|PROT_WRITE, MAP_PRIVATE|MAP_FIXED|MAP_DENYWRITE, 3, 0x215000) = 0x7a6f4b421000
3167  mmap(0x7a6f4b427000, 52816, PROT_READ|PROT_WRITE, MAP_PRIVATE|MAP_FIXED|MAP_ANONYMOUS, -1, 0) = 0x7a6f4b427000
3167  close(3)                          = 0
3167  mmap(NULL, 12288, PROT_READ|PROT_WRITE, MAP_PRIVATE|MAP_ANONYMOUS, -1, 0) = 0x7a6f4b208000
3167  arch_prctl(ARCH_SET_FS, 0x7a6f4b208740) = 0
3167  set_tid_address(0x7a6f4b208a10)   = 3167
3167  set_robust_list(0x7a6f4b208a20, 24) = 0
3167  rseq(0x7a6f4b2090e0, 0x20, 0, 0x53053053) = 0
3167  mprotect(0x7a6f4b421000, 16384, PROT_READ) = 0
3167  mprotect(0x7a6f4b519000, 4096, PROT_READ) = 0
3167  mprotect(0x562c45c90000, 4096, PROT_READ) = 0
3167  mprotect(0x7a6f4b55d000, 8192, PROT_READ) = 0
3167  prlimit64(0, RLIMIT_STACK, NULL, {rlim_cur=8192*1024, rlim_max=RLIM64_INFINITY}) = 0
3167  munmap(0x7a6f4b51b000, 29392)     = 0
3167  clone(child_stack=NULL, flags=CLONE_CHILD_CLEARTID|CLONE_CHILD_SETTID|SIGCHLD, child_tidptr=0x7a6f4b208a10) = 3168
3167  clone(child_stack=NULL, flags=CLONE_CHILD_CLEARTID|CLONE_CHILD_SETTID|SIGCHLD <unfinished ...>
3168  set_robust_list(0x7a6f4b208a20, 24 <unfinished ...>
3167  <... clone resumed>, child_tidptr=0x7a6f4b208a10) = 3169
3167  wait4(3168,  <unfinished ...>
3169  set_robust_list(0x7a6f4b208a20, 24 <unfinished ...>
3168  <... set_robust_list resumed>)    = 0
3169  <... set_robust_list resumed>)    = 0
3168  exit_group(53)                    = ?
3169  exit_group(42)                    = ?
3168  +++ exited with 53 +++
3167  <... wait4 resumed>[{WIFEXITED(s) && WEXITSTATUS(s) == 53}], 0, NULL) = 3168
3169  +++ exited with 42 +++
3167  --- SIGCHLD {si_signo=SIGCHLD, si_code=CLD_EXITED, si_pid=3168, si_uid=1000, si_status=53, si_utime=0, si_stime=0} ---
3167  wait4(3169, [{WIFEXITED(s) && WEXITSTATUS(s) == 42}], 0, NULL) = 3169
3167  newfstatat(1, "", {st_mode=S_IFREG|0664, st_size=0, ...}, AT_EMPTY_PATH) = 0
3167  getrandom("\x16\x53\x03\xe3\x9d\x36\xeb\x34", 8, GRND_NONBLOCK) = 8
3167  brk(NULL)                         = 0x562c7ebeb000
3167  brk(0x562c7ec0c000)               = 0x562c7ec0c000
3167  write(1, "Testcase 1 Expected: 95 Output: "..., 70) = 70
3167  exit_group(0)                     = ?
3167  +++ exited with 0 +++
