3179  execve("./pprime", ["./pprime", "5000", "2"], 0x7ffe0289bc78 /* 18 vars */) = 0
3179  brk(NULL)                         = 0x5a7b6b32b000
3179  arch_prctl(0x3001 /* ARCH_??? */, 0x7ffce8e3d470) = -1 EINVAL (Invalid argument)
3179  mmap(NULL, 8192, PROT_READ|PROT_WRITE, MAP_PRIVATE|MAP_ANONYMOUS, -1, 0) = 0x753a3ba5f000
3179  access("/etc/ld.so.preload", R_OK) = -1 ENOENT (No such file or directory)
3179  openat(AT_FDCWD, "/etc/ld.so.cache", O_RDONLY|O_CLOEXEC) = 3
3179  newfstatat(3, "", {st_mode=S_IFREG|0644, st_size=29392, ...}, AT_EMPTY_PATH) = 0
3179  mmap(NULL, 29392, PROT_READ, MAP_PRIVATE, 3, 0) = 0x753a3ba57000
3179  close(3)                          = 0
3179  openat(AT_FDCWD, "/lib/x86_64-linux-gnu/libm.so.6", O_RDONLY|O_CLOEXEC) = 3
3179  read(3, "\177ELF\2\1\1\3\0\0\0\0\0\0\0\0\3\0>\0\1\0\0\0\0\0\0\0\0\0\0\0"..., 832) = 832
3179  newfstatat(3, "", {st_mode=S_IFREG|0644, st_size=940560, ...}, AT_EMPTY_PATH) = 0
3179  mmap(NULL, 942344, PROT_READ, MAP_PRIVATE|MAP_DENYWRITE, 3, 0) = 0x753a3b970000
3179  mmap(0x753a3b97e000, 507904, PROT_READ|PROT_EXEC, MAP_PRIVATE|MAP_FIXED|MAP_DENYWRITE, 3, 0xe000) = 0x753a3b97e000
3179  mmap(0x753a3b9fa000, 372736, PROT_READ, MAP_PRIVATE|MAP_FIXED|MAP_DENYWRITE, 3, 0x8a000) = 0x753a3b9fa000
3179  mmap(0x753a3ba55000, 8192, PROT_READ|PROT_WRITE, MAP_PRIVATE|MAP_FIXED|MAP_DENYWRITE, 3, 0xe4000) = 0x753a3ba55000
3179  close(3)                          = 0
3179  openat(AT_FDCWD, "/lib/x86_64-linux-gnu/libc.so.6", O_RDONLY|O_CLOEXEC) = 3
3179  read(3, "\177ELF\2\1\1\3\0\0\0\0\0\0\0\0\3\0>\0\1\0\0\0P\237\2\0\0\0\0\0"..., 832) = 832
3179  pread64(3, "\6\0\0\0\4\0\0\0@\0\0\0\0\0\0\0@\0\0\0\0\0\0\0@\0\0\0\0\0\0\0"..., 784, 64) = 784
3179  pread64(3, "\4\0\0\0 \0\0\0\5\0\0\0GNU\0\2\0\0\300\4\0\0\0\3\0\0\0\0\0\0\0"..., 48, 848) = 48
3179  pread64(3, "\4\0\0\0\24\0\0\0\3\0\0\0GNU\0\325\31p\226\367\t\200\30)\261\30\257\33|\366c"..., 68, 896) = 68
3179  newfstatat(3, "", {st_mode=S_IFREG|0755, st_size=2220400, ...}, AT_EMPTY_PATH) = 0
3179  pread64(3, "\6\0\0\0\4\0\0\0@\0\0\0\0\0\0\0@\0\0\0\0\0\0\0@\0\0\0\0\0\0\0"..., 784, 64) = 784
3179  mmap(NULL, 2264656, PROT_READ, MAP_PRIVATE|MAP_DENYWRITE, 3, 0) = 0x753a3b747000
3179  mprotect(0x753a3b76f000, 2023424, PROT_NONE) = 0
3179  mmap(0x753a3b76f000, 1658880, PROT_READ|PROT_EXEC, MAP_PRIVATE|MAP_FIXED|MAP_DENYWRITE, 3, 0x28000) = 0x753a3b76f000
3179  mmap(0x753a3b904000, 360448, PROT_READ, MAP_PRIVATE|MAP_FIXED|MAP_DENYWRITE, 3, 0x1bd000) = 0x753a3b904000
3179  mmap(0x753a3b95d000, 24576, PROT_READ|PROT_WRITE, MAP_PRIVATE|MAP_FIXED|MAP_DENYWRITE, 3, 0x215000) = 0x753a3b95d000
3179  mmap(0x753a3b963000, 52816, PROT_READ|PROT_WRITE, MAP_PRIVATE|MAP_FIXED|MAP_ANONYMOUS, -1, 0) = 0x753a3b963000
3179  close(3)                          = 0
3179  mmap(NULL, 12288, PROT_READ|PROT_WRITE, MAP_PRIVATE|MAP_ANONYMOUS, -1, 0) = 0x753a3b744000
3179  arch_prctl(ARCH_SET_FS, 0x753a3b744740) = 0
3179  set_tid_address(0x753a3b744a10)   = 3179
3179  set_robust_list(0x753a3b744a20, 24) = 0
3179  rseq(0x753a3b7450e0, 0x20, 0, 0x53053053) = 0
3179  mprotect(0x753a3b95d000, 16384, PROT_READ) = 0
3179  mprotect(0x753a3ba55000, 4096, PROT_READ) = 0
3179  mprotect(0x5a7b650cf000, 4096, PROT_READ) = 0
3179  mprotect(0x753a3ba99000, 8192, PROT_READ) = 0
3179  prlimit64(0, RLIMIT_STACK, NULL, {rlim_cur=8192*1024, rlim_max=RLIM64_INFINITY}) = 0
3179  munmap(0x753a3ba57000, 29392)     = 0
3179  clone(child_stack=NULL, flags=CLONE_CHILD_CLEARTID|CLONE_CHILD_SETTID|SIGCHLD, child_tidptr=0x753a3b744a10) = 3180
3179  clone(child_stack=NULL, flags=CLONE_CHILD_CLEARTID|CLONE_CHILD_SETTID|SIGCHLD <unfinished ...>
3180  set_robust_list(0x753a3b744a20, 24 <unfinished ...>
3179  <... clone resumed>, child_tidptr=0x753a3b744a10) = 3181
3179  wait4(3180,  <unfinished ...>
3180  <... set_robust_list resumed>)    = 0
3181  set_robust_list(0x753a3b744a20, 24) = 0
3180  exit_group(111)                   = ?
3181  exit_group(46 <unfinished ...>
3180  +++ exited with 111 +++
3179  <... wait4 resumed>[{WIFEXITED(s) && WEXITSTATUS(s) == 111}], 0, NULL) = 3180
3179  --- SIGCHLD {si_signo=SIGCHLD, si_code=CLD_EXITED, si_pid=3180, si_uid=1000, si_status=111, si_utime=0, si_stime=0} ---
3181  <... exit_group resumed>)         = ?
3179  wait4(3181,  <unfinished ...>
3181  +++ exited with 46 +++
3179  <... wait4 resumed>[{WIFEXITED(s) && WEXITSTATUS(s) == 46}], 0, NULL) = 3181
3179  --- SIGCHLD {si_signo=SIGCHLD, si_code=CLD_EXITED, si_pid=3181, si_uid=1000, si_status=46, si_utime=0, si_stime=0} ---
3179  newfstatat(1, "", {st_mode=S_IFREG|0664, st_size=70, ...}, AT_EMPTY_PATH) = 0
3179  getrandom("\x6e\x55\x10\x5f\x02\xe7\x50\xb2", 8, GRND_NONBLOCK) = 8
3179  brk(NULL)                         = 0x5a7b6b32b000
3179  brk(0x5a7b6b34c000)               = 0x5a7b6b34c000
3179  write(1, "Testcase 2 Expected: 157 Output:"..., 72) = 72
3179  exit_group(0)                     = ?
3179  +++ exited with 0 +++
