3203  execve("./pprime", ["./pprime", "500000", "4"], 0x7ffcee6677c8 /* 18 vars */) = 0
3203  brk(NULL)                         = 0x56fea9795000
3203  arch_prctl(0x3001 /* ARCH_??? */, 0x7fff120f2a00) = -1 EINVAL (Invalid argument)
3203  mmap(NULL, 8192, PROT_READ|PROT_WRITE, MAP_PRIVATE|MAP_ANONYMOUS, -1, 0) = 0x70fc268a8000
3203  access("/etc/ld.so.preload", R_OK) = -1 ENOENT (No such file or directory)
3203  openat(AT_FDCWD, "/etc/ld.so.cache", O_RDONLY|O_CLOEXEC) = 3
3203  newfstatat(3, "", {st_mode=S_IFREG|0644, st_size=29392, ...}, AT_EMPTY_PATH) = 0
3203  mmap(NULL, 29392, PROT_READ, MAP_PRIVATE, 3, 0) = 0x70fc268a0000
3203  close(3)                          = 0
3203  openat(AT_FDCWD, "/lib/x86_64-linux-gnu/libm.so.6", O_RDONLY|O_CLOEXEC) = 3
3203  read(3, "\177ELF\2\1\1\3\0\0\0\0\0\0\0\0\3\0>\0\1\0\0\0\0\0\0\0\0\0\0\0"..., 832) = 832
3203  newfstatat(3, "", {st_mode=S_IFREG|0644, st_size=940560, ...}, AT_EMPTY_PATH) = 0
3203  mmap(NULL, 942344, PROT_READ, MAP_PRIVATE|MAP_DENYWRITE, 3, 0) = 0x70fc267b9000
3203  mmap(0x70fc267c7000, 507904, PROT_READ|PROT_EXEC, MAP_PRIVATE|MAP_FIXED|MAP_DENYWRITE, 3, 0xe000) = 0x70fc267c7000
3203  mmap(0x70fc26843000, 372736, PROT_READ, MAP_PRIVATE|MAP_FIXED|MAP_DENYWRITE, 3, 0x8a000) = 0x70fc26843000
3203  mmap(0x70fc2689e000, 8192, PROT_READ|PROT_WRITE, MAP_PRIVATE|MAP_FIXED|MAP_DENYWRITE, 3, 0xe4000) = 0x70fc2689e000
3203  close(3)                          = 0
3203  openat(AT_FDCWD, "/lib/x86_64-linux-gnu/libc.so.6", O_RDONLY|O_CLOEXEC) = 3
3203  read(3, "\177ELF\2\1\1\3\0\0\0\0\0\0\0\0\3\0>\0\1\0\0\0P\237\2\0\0\0\0\0"..., 832) = 832
3203  pread64(3, "\6\0\0\0\4\0\0\0@\0\0\0\0\0\0\0@\0\0\0\0\0\0\0@\0\0\0\0\0\0\0"..., 784, 64) = 784
3203  pread64(3, "\4\0\0\0 \0\0\0\5\0\0\0GNU\0\2\0\0\300\4\0\0\0\3\0\0\0\0\0\0\0"..., 48, 848) = 48
3203  pread64(3, "\4\0\0\0\24\0\0\0\3\0\0\0GNU\0\325\31p\226\367\t\200\30)\261\30\257\33|\366c"..., 68, 896) = 68
3203  newfstatat(3, "", {st_mode=S_IFREG|0755, st_size=2220400, ...}, AT_EMPTY_PATH) = 0
3203  pread64(3, "\6\0\0\0\4\0\0\0@\0\0\0\0\0\0\0@\0\0\0\0\0\0\0@\0\0\0\0\0\0\0"..., 784, 64) = 784
3203  mmap(NULL, 2264656, PROT_READ, MAP_PRIVATE|MAP_DENYWRITE, 3, 0) = 0x70fc26590000
3203  mprotect(0x70fc265b8000, 2023424, PROT_NONE) = 0
3203  mmap(0x70fc265b8000, 1658880, PROT_READ|PROT_EXEC, MAP_PRIVATE|MAP_FIXED|MAP_DENYWRITE, 3, 0x28000) = 0x70fc265b8000
3203  mmap(0x70fc2674d000, 360448, PROT_READ, MAP_PRIVATE|MAP_FIXED|MAP_DENYWRITE, 3, 0x1bd000) = 0x70fc2674d000
3203  mmap(0x70fc267a6000, 24576, PROT_READ|PROT_WRITE, MAP_PRIVATE|MAP_FIXED|MAP_DENYWRITE, 3, 0x215000) = 0x70fc267a6000
3203  mmap(0x70fc267ac000, 52816, PROT_READ|PROT_WRITE, MAP_PRIVATE|MAP_FIXED|MAP_ANONYMOUS, -1, 0) = 0x70fc267ac000
3203  close(3)                          = 0
3203  mmap(NULL, 12288, PROT_READ|PROT_WRITE, MAP_PRIVATE|MAP_ANONYMOUS, -1, 0) = 0x70fc2658d000
3203  arch_prctl(ARCH_SET_FS, 0x70fc2658d740) = 0
3203  set_tid_address(0x70fc2658da10)   = 3203
3203  set_robust_list(0x70fc2658da20, 24) = 0
3203  rseq(0x70fc2658e0e0, 0x20, 0, 0x53053053) = 0
3203  mprotect(0x70fc267a6000, 16384, PROT_READ) = 0
3203  mprotect(0x70fc2689e000, 4096, PROT_READ) = 0
3203  mprotect(0x56fea6fcb000, 4096, PROT_READ) = 0
3203  mprotect(0x70fc268e2000, 8192, PROT_READ) = 0
3203  prlimit64(0, RLIMIT_STACK, NULL, {rlim_cur=8192*1024, rlim_max=RLIM64_INFINITY}) = 0
3203  munmap(0x70fc268a0000, 29392)     = 0
3203  clone(child_stack=NULL, flags=CLONE_CHILD_CLEARTID|CLONE_CHILD_SETTID|SIGCHLD, child_tidptr=0x70fc2658da10) = 3204
3203  clone(child_stack=NULL, flags=CLONE_CHILD_CLEARTID|CLONE_CHILD_SETTID|SIGCHLD <unfinished ...>
3204  set_robust_list(0x70fc2658da20, 24 <unfinished ...>
3203  <... clone resumed>, child_tidptr=0x70fc2658da10) = 3205
3203  wait4(3204,  <unfinished ...>
3204  <... set_robust_list resumed>)    = 0
3205  set_robust_list(0x70fc2658da20, 24) = 0
3204  exit_group(28)                    = ?
3204  +++ exited with 28 +++
3203  <... wait4 resumed>[{WIFEXITED(s) && WEXITSTATUS(s) == 28}], 0, NULL) = 3204
3203  --- SIGCHLD {si_signo=SIGCHLD, si_code=CLD_EXITED, si_pid=3204, si_uid=1000, si_status=28, si_utime=7, si_stime=0} ---
3203  wait4(3205,  <unfinished ...>
3205  exit_group(38)                    = ?
3205  +++ exited with 38 +++
3203  <... wait4 resumed>[{WIFEXITED(s) && WEXITSTATUS(s) == 38}], 0, NULL) = 3205
3203  --- SIGCHLD {si_signo=SIGCHLD, si_code=CLD_EXITED, si_pid=3205, si_uid=1000, si_status=38, si_utime=11, si_stime=0} ---
3203  newfstatat(1, "", {st_mode=S_IFREG|0664, st_size=214, ...}, AT_EMPTY_PATH) = 0
3203  getrandom("\x67\xdd\x48\x77\x70\x6e\x2b\x7b", 8, GRND_NONBLOCK) = 8
3203  brk(NULL)                         = 0x56fea9795000
3203  brk(0x56fea97b6000)               = 0x56fea97b6000
3203  write(1, "Testcase 4 Expected: 66 Output: "..., 76) = 76
3203  exit_group(0)                     = ?
3203  +++ exited with 0 +++
