3215  execve("./pprime", ["./pprime", "5000000", "5"], 0x7ffd2db71118 /* 18 vars */) = 0
3215  brk(NULL)                         = 0x60e768060000
3215  arch_prctl(0x3001 /* ARCH_??? */, 0x7ffc95957050) = -1 EINVAL (Invalid argument)
3215  mmap(NULL, 8192, PROT_READ|PROT_WRITE, MAP_PRIVATE|MAP_ANONYMOUS, -1, 0) = 0x7d7e490b1000
3215  access("/etc/ld.so.preload", R_OK) = -1 ENOENT (No such file or directory)
3215  openat(AT_FDCWD, "/etc/ld.so.cache", O_RDONLY|O_CLOEXEC) = 3
3215  newfstatat(3, "", {st_mode=S_IFREG|0644, st_size=29392, ...}, AT_EMPTY_PATH) = 0
3215  mmap(NULL, 29392, PROT_READ, MAP_PRIVATE, 3, 0) = 0x7d7e490a9000
3215  close(3)                          = 0
3215  openat(AT_FDCWD, "/lib/x86_64-linux-gnu/libm.so.6", O_RDONLY|O_CLOEXEC) = 3
3215  read(3, "\177ELF\2\1\1\3\0\0\0\0\0\0\0\0\3\0>\0\1\0\0\0\0\0\0\0\0\0\0\0"..., 832) = 832
3215  newfstatat(3, "", {st_mode=S_IFREG|0644, st_size=940560, ...}, AT_EMPTY_PATH) = 0
3215  mmap(NULL, 942344, PROT_READ, MAP_PRIVATE|MAP_DENYWRITE, 3, 0) = 0x7d7e48fc2000
3215  mmap(0x7d7e48fd0000, 507904, PROT_READ|PROT_EXEC, MAP_PRIVATE|MAP_FIXED|MAP_DENYWRITE, 3, 0xe000) = 0x7d7e48fd0000
3215  mmap(0x7d7e4904c000, 372736, PROT_READ, MAP_PRIVATE|MAP_FIXED|MAP_DENYWRITE, 3, 0x8a000) = 0x7d7e4904c000
3215  mmap(0x7d7e490a7000, 8192, PROT_READ|PROT_WRITE, MAP_PRIVATE|MAP_FIXED|MAP_DENYWRITE, 3, 0xe4000) = 0x7d7e490a7000
3215  close(3)                          = 0
3215  openat(AT_FDCWD, "/lib/x86_64-linux-gnu/libc.so.6", O_RDONLY|O_CLOEXEC) = 3
3215  read(3, "\177ELF\2\1\1\3\0\0\0\0\0\0\0\0\3\0>\0\1\0\0\0P\237\2\0\0\0\0\0"..., 832) = 832
3215  pread64(3, "\6\0\0\0\4\0\0\0@\0\0\0\0\0\0\0@\0\0\0\0\0\0\0@\0\0\0\0\0\0\0"..., 784, 64) = 784
3215  pread64(3, "\4\0\0\0 \0\0\0\5\0\0\0GNU\0\2\0\0\300\4\0\0\0\3\0\0\0\0\0\0\0"..., 48, 848) = 48
3215  pread64(3, "\4\0\0\0\24\0\0\0\3\0\0\0GNU\0\325\31p\226\367\t\200\30)\261\30\257\33|\366c"..., 68, 896) = 68
3215  newfstatat(3, "", {st_mode=S_IFREG|0755, st_size=2220400, ...}, AT_EMPTY_PATH) = 0
3215  pread64(3, "\6\0\0\0\4\0\0\0@\0\0\0\0\0\0\0@\0\0\0\0\0\0\0@\0\0\0\0\0\0\0"..., 784, 64) = 784
3215  mmap(NULL, 2264656, PROT_READ, MAP_PRIVATE|MAP_DENYWRITE, 3, 0) = 0x7d7e48d99000
3215  mprotect(0x7d7e48dc1000, 2023424, PROT_NONE) = 0
3215  mmap(0x7d7e48dc1000, 1658880, PROT_READ|PROT_EXEC, MAP_PRIVATE|MAP_FIXED|MAP_DENYWRITE, 3, 0x28000) = 0x7d7e48dc1000
3215  mmap(0x7d7e48f56000, 360448, PROT_READ, MAP_PRIVATE|MAP_FIXED|MAP_DENYWRITE, 3, 0x1bd000) = 0x7d7e48f56000
3215  mmap(0x7d7e48faf000, 24576, PROT_READ|PROT_WRITE, MAP_PRIVATE|MAP_FIXED|MAP_DENYWRITE, 3, 0x215000) = 0x7d7e48faf000
3215  mmap(0x7d7e48fb5000, 52816, PROT_READ|PROT_WRITE, MAP_PRIVATE|MAP_FIXED|MAP_ANONYMOUS, -1, 0) = 0x7d7e48fb5000
3215  close(3)                          = 0
3215  mmap(NULL, 12288, PROT_READ|PROT_WRITE, MAP_PRIVATE|MAP_ANONYMOUS, -1, 0) = 0x7d7e48d96000
3215  arch_prctl(ARCH_SET_FS, 0x7d7e48d96740) = 0
3215  set_tid_address(0x7d7e48d96a10)   = 3215
3215  set_robust_list(0x7d7e48d96a20, 24) = 0
3215  rseq(0x7d7e48d970e0, 0x20, 0, 0x53053053) = 0
3215  mprotect(0x7d7e48faf000, 16384, PROT_READ) = 0
3215  mprotect(0x7d7e490a7000, 4096, PROT_READ) = 0
3215  mprotect(0x60e74c696000, 4096, PROT_READ) = 0
3215  mprotect(0x7d7e490eb000, 8192, PROT_READ) = 0
3215  prlimit64(0, RLIMIT_STACK, NULL, {rlim_cur=8192*1024, rlim_max=RLIM64_INFINITY}) = 0
3215  munmap(0x7d7e490a9000, 29392)     = 0
3215  clone(child_stack=NULL, flags=CLONE_CHILD_CLEARTID|CLONE_CHILD_SETTID|SIGCHLD, child_tidptr=0x7d7e48d96a10) = 3216
3215  clone(child_stack=NULL, flags=CLONE_CHILD_CLEARTID|CLONE_CHILD_SETTID|SIGCHLD <unfinished ...>
3216  set_robust_list(0x7d7e48d96a20, 24) = 0
3215  <... clone resumed>, child_tidptr=0x7d7e48d96a10) = 3217
3215  wait4(3216,  <unfinished ...>
3217  set_robust_list(0x7d7e48d96a20, 24) = 0
3216  exit_group(32)                    = ?
3216  +++ exited with 32 +++
3215  <... wait4 resumed>[{WIFEXITED(s) && WEXITSTATUS(s) == 32}], 0, NULL) = 3216
3215  --- SIGCHLD {si_signo=SIGCHLD, si_code=CLD_EXITED, si_pid=3216, si_uid=1000, si_status=32, si_utime=164, si_stime=0} ---
3215  wait4(3217,  <unfinished ...>
3217  exit_group(65)                    = ?
3217  +++ exited with 65 +++
3215  <... wait4 resumed>[{WIFEXITED(s) && WEXITSTATUS(s) == 65}], 0, NULL) = 3217
3215  --- SIGCHLD {si_signo=SIGCHLD, si_code=CLD_EXITED, si_pid=3217, si_uid=1000, si_status=65, si_utime=268, si_stime=0} ---
3215  newfstatat(1, "", {st_mode=S_IFREG|0664, st_size=290, ...}, AT_EMPTY_PATH) = 0
3215  getrandom("\x8d\x06\x96\xe5\xdd\xc2\x29\x4a", 8, GRND_NONBLOCK) = 8
3215  brk(NULL)                         = 0x60e768060000
3215  brk(0x60e768081000)               = 0x60e768081000
3215  write(1, "Testcase 5 Expected: 97 Output: "..., 78) = 78
3215  exit_group(0)                     = ?
3215  +++ exited with 0 +++
